<?xml version="1.0" encoding="UTF-8"?>
<robot generator="Robot 3.2.2 (Python 3.8.5 on win32)" generated="20201029 13:11:53.744" rpa="false">
<suite id="s1" name="Jobseeker" source="D:\robotframework\Shenzyn-Test-Aut\development\shenzyn\tests\jobseeker.robot">
<test id="s1-t1" name="User should be able to login to the Jobseeker Portal">
<kw name="Open Browser" library="SeleniumLibrary">
<doc>Opens a new browser instance to the optional ``url``.</doc>
<arguments>
<arg>http://js.stage.shenzyn.com/</arg>
<arg>chrome</arg>
</arguments>
<msg timestamp="20201029 13:11:54.064" level="INFO">Opening browser 'chrome' to base url 'http://js.stage.shenzyn.com/'.</msg>
<status status="PASS" starttime="20201029 13:11:54.064" endtime="20201029 13:12:06.265"></status>
</kw>
<kw name="Maximize Browser Window" library="SeleniumLibrary">
<doc>Maximizes current browser window.</doc>
<status status="PASS" starttime="20201029 13:12:06.265" endtime="20201029 13:12:08.461"></status>
</kw>
<kw name="Sleep" library="BuiltIn">
<doc>Pauses the test executed for the given time.</doc>
<arguments>
<arg>2s</arg>
</arguments>
<msg timestamp="20201029 13:12:10.469" level="INFO">Slept 2 seconds</msg>
<status status="PASS" starttime="20201029 13:12:08.461" endtime="20201029 13:12:10.469"></status>
</kw>
<kw name="Input Text" library="SeleniumLibrary">
<doc>Types the given ``text`` into the text field identified by ``locator``.</doc>
<arguments>
<arg>xpath=//input[@id='emailId']</arg>
<arg>saravjeet.singh@hotmail.com</arg>
</arguments>
<msg timestamp="20201029 13:12:10.469" level="INFO">Typing text 'saravjeet.singh@hotmail.com' into text field 'xpath=//input[@id='emailId']'.</msg>
<status status="PASS" starttime="20201029 13:12:10.469" endtime="20201029 13:12:10.785"></status>
</kw>
<kw name="Input Text" library="SeleniumLibrary">
<doc>Types the given ``text`` into the text field identified by ``locator``.</doc>
<arguments>
<arg>xpath=//input[@id='password']</arg>
<arg>s33rat@123</arg>
</arguments>
<msg timestamp="20201029 13:12:10.785" level="INFO">Typing text 's33rat@123' into text field 'xpath=//input[@id='password']'.</msg>
<status status="PASS" starttime="20201029 13:12:10.785" endtime="20201029 13:12:10.961"></status>
</kw>
<kw name="Click Element" library="SeleniumLibrary">
<doc>Click the element identified by ``locator``.</doc>
<arguments>
<arg>//span[contains(text(),'Remember me')]</arg>
</arguments>
<msg timestamp="20201029 13:12:10.969" level="INFO">Clicking element '//span[contains(text(),'Remember me')]'.</msg>
<status status="PASS" starttime="20201029 13:12:10.969" endtime="20201029 13:12:11.057"></status>
</kw>
<kw name="Click Button" library="SeleniumLibrary">
<doc>Clicks the button identified by ``locator``.</doc>
<arguments>
<arg>//button[@class='ant-btn btn-cta btn-block ant-btn-primary']</arg>
</arguments>
<msg timestamp="20201029 13:12:11.057" level="INFO">Clicking button '//button[@class='ant-btn btn-cta btn-block ant-btn-primary']'.</msg>
<status status="PASS" starttime="20201029 13:12:11.057" endtime="20201029 13:12:11.161"></status>
</kw>
<kw name="Sleep" library="BuiltIn">
<doc>Pauses the test executed for the given time.</doc>
<arguments>
<arg>5s</arg>
</arguments>
<msg timestamp="20201029 13:12:16.171" level="INFO">Slept 5 seconds</msg>
<status status="PASS" starttime="20201029 13:12:11.169" endtime="20201029 13:12:16.171"></status>
</kw>
<kw name="Click Element" library="SeleniumLibrary">
<doc>Click the element identified by ``locator``.</doc>
<arguments>
<arg>//div[@class='ant-menu-submenu-title']//span//span[@class='nav-text'][contains(text(),'Profile')]</arg>
</arguments>
<msg timestamp="20201029 13:12:16.171" level="INFO">Clicking element '//div[@class='ant-menu-submenu-title']//span//span[@class='nav-text'][contains(text(),'Profile')]'.</msg>
<status status="PASS" starttime="20201029 13:12:16.171" endtime="20201029 13:12:16.253"></status>
</kw>
<kw name="Sleep" library="BuiltIn">
<doc>Pauses the test executed for the given time.</doc>
<arguments>
<arg>1s</arg>
</arguments>
<msg timestamp="20201029 13:12:17.256" level="INFO">Slept 1 second</msg>
<status status="PASS" starttime="20201029 13:12:16.253" endtime="20201029 13:12:17.256"></status>
</kw>
<kw name="Click Element" library="SeleniumLibrary">
<doc>Click the element identified by ``locator``.</doc>
<arguments>
<arg>//li//li[1]//a[1]</arg>
</arguments>
<msg timestamp="20201029 13:12:17.256" level="INFO">Clicking element '//li//li[1]//a[1]'.</msg>
<status status="PASS" starttime="20201029 13:12:17.256" endtime="20201029 13:12:17.431"></status>
</kw>
<kw name="Sleep" library="BuiltIn">
<doc>Pauses the test executed for the given time.</doc>
<arguments>
<arg>4s</arg>
</arguments>
<msg timestamp="20201029 13:12:21.454" level="INFO">Slept 4 seconds</msg>
<status status="PASS" starttime="20201029 13:12:17.439" endtime="20201029 13:12:21.454"></status>
</kw>
<kw name="Clear Element Text" library="SeleniumLibrary">
<doc>Clears the value of the text-input-element identified by ``locator``.</doc>
<arguments>
<arg>//input[@id='contactNo']</arg>
</arguments>
<status status="PASS" starttime="20201029 13:12:21.454" endtime="20201029 13:12:21.573"></status>
</kw>
<kw name="Input Text" library="SeleniumLibrary">
<doc>Types the given ``text`` into the text field identified by ``locator``.</doc>
<arguments>
<arg>//input[@id='contactNo']</arg>
<arg>9975568427</arg>
</arguments>
<msg timestamp="20201029 13:12:21.581" level="INFO">Typing text '9975568427' into text field '//input[@id='contactNo']'.</msg>
<status status="PASS" starttime="20201029 13:12:21.573" endtime="20201029 13:12:22.083"></status>
</kw>
<kw name="Input Text" library="SeleniumLibrary">
<doc>Types the given ``text`` into the text field identified by ``locator``.</doc>
<arguments>
<arg>//input[@id='linkedin']</arg>
<arg>Robot Automation</arg>
</arguments>
<msg timestamp="20201029 13:12:22.083" level="INFO">Typing text 'Robot Automation' into text field '//input[@id='linkedin']'.</msg>
<status status="PASS" starttime="20201029 13:12:22.083" endtime="20201029 13:12:22.471"></status>
</kw>
<kw name="Input Text" library="SeleniumLibrary">
<doc>Types the given ``text`` into the text field identified by ``locator``.</doc>
<arguments>
<arg>//input[@id='github']</arg>
<arg>Testing GIT</arg>
</arguments>
<msg timestamp="20201029 13:12:22.471" level="INFO">Typing text 'Testing GIT' into text field '//input[@id='github']'.</msg>
<status status="PASS" starttime="20201029 13:12:22.471" endtime="20201029 13:12:22.759"></status>
</kw>
<kw name="Click Element" library="SeleniumLibrary">
<doc>Click the element identified by ``locator``.</doc>
<arguments>
<arg>//div[@class='steps-action']//button[@class='ant-btn ant-btn-primary']</arg>
</arguments>
<msg timestamp="20201029 13:12:22.759" level="INFO">Clicking element '//div[@class='steps-action']//button[@class='ant-btn ant-btn-primary']'.</msg>
<status status="PASS" starttime="20201029 13:12:22.759" endtime="20201029 13:12:22.879"></status>
</kw>
<kw name="Sleep" library="BuiltIn">
<doc>Pauses the test executed for the given time.</doc>
<arguments>
<arg>3s</arg>
</arguments>
<msg timestamp="20201029 13:12:25.886" level="INFO">Slept 3 seconds</msg>
<status status="PASS" starttime="20201029 13:12:22.879" endtime="20201029 13:12:25.886"></status>
</kw>
<kw name="Click Element" library="SeleniumLibrary">
<doc>Click the element identified by ``locator``.</doc>
<arguments>
<arg>//div[@id='highestQualification-0']/div[1]</arg>
</arguments>
<msg timestamp="20201029 13:12:25.886" level="INFO">Clicking element '//div[@id='highestQualification-0']/div[1]'.</msg>
<kw name="Capture Page Screenshot" library="SeleniumLibrary">
<doc>Takes a screenshot of the current page and embeds it into a log file.</doc>
<msg timestamp="20201029 13:12:26.356" level="INFO" html="yes">&lt;/td&gt;&lt;/tr&gt;&lt;tr&gt;&lt;td colspan="3"&gt;&lt;a href="selenium-screenshot-3.png"&gt;&lt;img src="selenium-screenshot-3.png" width="800px"&gt;&lt;/a&gt;</msg>
<status status="PASS" starttime="20201029 13:12:25.910" endtime="20201029 13:12:26.356"></status>
</kw>
<msg timestamp="20201029 13:12:26.372" level="FAIL">Element with locator '//div[@id='highestQualification-0']/div[1]' not found.</msg>
<status status="FAIL" starttime="20201029 13:12:25.886" endtime="20201029 13:12:26.372"></status>
</kw>
<doc>Test case description</doc>
<tags>
<tag>Smoke</tag>
</tags>
<status status="FAIL" starttime="20201029 13:11:54.064" endtime="20201029 13:12:26.372" critical="yes">Element with locator '//div[@id='highestQualification-0']/div[1]' not found.</status>
</test>
<doc>This is some basic information about the suite</doc>
<status status="FAIL" starttime="20201029 13:11:53.744" endtime="20201029 13:12:26.372"></status>
</suite>
<statistics>
<total>
<stat pass="0" fail="1">Critical Tests</stat>
<stat pass="0" fail="1">All Tests</stat>
</total>
<tag>
<stat pass="0" fail="1">Smoke</stat>
</tag>
<suite>
<stat pass="0" fail="1" id="s1" name="Jobseeker">Jobseeker</stat>
</suite>
</statistics>
<errors>
<msg timestamp="20201029 13:11:53.727" level="ERROR">Error in file 'D:\robotframework\Shenzyn-Test-Aut\development\shenzyn\tests\jobseeker.robot' on line 4: Setting 'Documentation' is allowed only once. Only the first value is used.</msg>
</errors>
</robot>
