<?xml version="1.0" encoding="UTF-8"?>
<robot generator="Robot 3.2.2 (Python 3.8.5 on win32)" generated="20201231 10:57:18.174" rpa="false">
<suite id="s1" name="Jobseeker Automation" source="D:\robotframework\Shenzyn-Test-Aut\development\shenzyn\tests\jobseeker_automation.robot">
<test id="s1-t1" name="TC4: Validate Updates on Profile">
<kw name="Begin Web Test" library="CommonApp" type="setup">
<kw name="Open Browser" library="SeleniumLibrary">
<doc>Opens a new browser instance to the optional ``url``.</doc>
<arguments>
<arg>about:blank</arg>
<arg>${BROWSER}</arg>
</arguments>
<msg timestamp="20201231 10:57:19.681" level="INFO">Opening browser 'firefox' to base url 'about:blank'.</msg>
<msg timestamp="20201231 10:57:19.686" level="INFO">Firefox driver log is always forced to to: D:\robotframework\Shenzyn-Test-Aut\development\shenzyn\results\geckodriver-1.log</msg>
<status status="PASS" starttime="20201231 10:57:19.680" endtime="20201231 10:57:33.810"></status>
</kw>
<status status="PASS" starttime="20201231 10:57:19.679" endtime="20201231 10:57:33.811"></status>
</kw>
<kw name="Set Selenium Speed" library="SeleniumLibrary">
<doc>Sets the delay that is waited after each Selenium command.</doc>
<arguments>
<arg>1s</arg>
</arguments>
<status status="PASS" starttime="20201231 10:57:33.814" endtime="20201231 10:57:33.815"></status>
</kw>
<kw name="Login to jobseeker portal" library="JobseekerApp">
<kw name="Load" library="LandingPage">
<kw name="Go To" library="SeleniumLibrary">
<doc>Navigates the current browser window to the provided ``url``.</doc>
<arguments>
<arg>${START_URL}</arg>
</arguments>
<msg timestamp="20201231 10:57:33.821" level="INFO">Opening url 'http://js.stage.shenzyn.com/'</msg>
<status status="PASS" starttime="20201231 10:57:33.820" endtime="20201231 10:57:40.722"></status>
</kw>
<status status="PASS" starttime="20201231 10:57:33.818" endtime="20201231 10:57:40.723"></status>
</kw>
<kw name="Verify Page Loaded" library="LandingPage">
<kw name="Maximize Browser Window" library="SeleniumLibrary">
<doc>Maximizes current browser window.</doc>
<status status="PASS" starttime="20201231 10:57:40.724" endtime="20201231 10:57:42.003"></status>
</kw>
<kw name="Wait Until Page Contains" library="SeleniumLibrary">
<doc>Waits until ``text`` appears on the current page.</doc>
<arguments>
<arg>Wear your superwoman cape and fly high</arg>
</arguments>
<status status="PASS" starttime="20201231 10:57:42.004" endtime="20201231 10:57:43.214"></status>
</kw>
<kw name="Wait Until Page Contains" library="SeleniumLibrary">
<doc>Waits until ``text`` appears on the current page.</doc>
<arguments>
<arg>Fasten your seat belt for a thrilling and successful career ride.</arg>
</arguments>
<status status="PASS" starttime="20201231 10:57:43.215" endtime="20201231 10:57:44.236"></status>
</kw>
<kw name="Wait Until Page Contains" library="SeleniumLibrary">
<doc>Waits until ``text`` appears on the current page.</doc>
<arguments>
<arg>By logging using 3rd party medium, I agree the</arg>
</arguments>
<status status="PASS" starttime="20201231 10:57:44.237" endtime="20201231 10:57:45.260"></status>
</kw>
<kw name="Wait Until Page Contains" library="SeleniumLibrary">
<doc>Waits until ``text`` appears on the current page.</doc>
<arguments>
<arg>Don't have an account yet? Sign up</arg>
</arguments>
<status status="PASS" starttime="20201231 10:57:45.261" endtime="20201231 10:57:46.278"></status>
</kw>
<kw name="Wait Until Page Contains" library="SeleniumLibrary">
<doc>Waits until ``text`` appears on the current page.</doc>
<arguments>
<arg>Forgot your username or password? Reset password</arg>
</arguments>
<status status="PASS" starttime="20201231 10:57:46.279" endtime="20201231 10:57:47.297"></status>
</kw>
<kw name="Wait Until Page Contains" library="SeleniumLibrary">
<doc>Waits until ``text`` appears on the current page.</doc>
<arguments>
<arg>Remember me</arg>
</arguments>
<status status="PASS" starttime="20201231 10:57:47.298" endtime="20201231 10:57:48.314"></status>
</kw>
<status status="PASS" starttime="20201231 10:57:40.723" endtime="20201231 10:57:48.314"></status>
</kw>
<kw name="LoginID" library="LoginDetails">
<kw name="Input Text" library="SeleniumLibrary">
<doc>Types the given ``text`` into the text field identified by ``locator``.</doc>
<arguments>
<arg>xpath=//input[@id='emailId']</arg>
<arg>${LOGIN_ID}</arg>
</arguments>
<msg timestamp="20201231 10:57:48.316" level="INFO">Typing text 'saravjeet.singh@hotmail.com' into text field 'xpath=//input[@id='emailId']'.</msg>
<status status="PASS" starttime="20201231 10:57:48.316" endtime="20201231 10:57:51.890"></status>
</kw>
<status status="PASS" starttime="20201231 10:57:48.315" endtime="20201231 10:57:51.892"></status>
</kw>
<kw name="LoginPassword" library="LoginDetails">
<kw name="Input Text" library="SeleniumLibrary">
<doc>Types the given ``text`` into the text field identified by ``locator``.</doc>
<arguments>
<arg>xpath=//input[@id='password']</arg>
<arg>${LOGIN_PASSWORD}</arg>
</arguments>
<msg timestamp="20201231 10:57:51.895" level="INFO">Typing text 's33rat@123' into text field 'xpath=//input[@id='password']'.</msg>
<status status="PASS" starttime="20201231 10:57:51.894" endtime="20201231 10:57:55.174"></status>
</kw>
<status status="PASS" starttime="20201231 10:57:51.892" endtime="20201231 10:57:55.174"></status>
</kw>
<kw name="Click Element" library="SeleniumLibrary">
<doc>Click the element identified by ``locator``.</doc>
<arguments>
<arg>//span[contains(text(),'Remember me')]</arg>
</arguments>
<msg timestamp="20201231 10:57:55.175" level="INFO">Clicking element '//span[contains(text(),'Remember me')]'.</msg>
<status status="PASS" starttime="20201231 10:57:55.175" endtime="20201231 10:57:57.480"></status>
</kw>
<kw name="Click Button" library="SeleniumLibrary">
<doc>Clicks the button identified by ``locator``.</doc>
<arguments>
<arg>//button[@class='ant-btn btn-cta btn-block ant-btn-primary']</arg>
</arguments>
<msg timestamp="20201231 10:57:57.481" level="INFO">Clicking button '//button[@class='ant-btn btn-cta btn-block ant-btn-primary']'.</msg>
<status status="PASS" starttime="20201231 10:57:57.481" endtime="20201231 10:58:02.822"></status>
</kw>
<status status="PASS" starttime="20201231 10:57:33.816" endtime="20201231 10:58:02.823"></status>
</kw>
<kw name="Update Profile" library="JobseekerApp">
<kw name="Sleep" library="BuiltIn">
<doc>Pauses the test executed for the given time.</doc>
<arguments>
<arg>5s</arg>
</arguments>
<msg timestamp="20201231 10:58:07.828" level="INFO">Slept 5 seconds</msg>
<status status="PASS" starttime="20201231 10:58:02.825" endtime="20201231 10:58:07.828"></status>
</kw>
<kw name="Wait Until Page Contains Element" library="SeleniumLibrary">
<doc>Waits until the element ``locator`` appears on the current page.</doc>
<arguments>
<arg>//span[contains(text(),'Recommended Jobs')]</arg>
</arguments>
<status status="PASS" starttime="20201231 10:58:07.829" endtime="20201231 10:58:08.838"></status>
</kw>
<kw name="Click Element" library="SeleniumLibrary">
<doc>Click the element identified by ``locator``.</doc>
<arguments>
<arg>//div[@class='ant-menu-submenu-title']//span//span[@class='nav-text'][contains(text(),'Profile')]</arg>
</arguments>
<msg timestamp="20201231 10:58:08.839" level="INFO">Clicking element '//div[@class='ant-menu-submenu-title']//span//span[@class='nav-text'][contains(text(),'Profile')]'.</msg>
<status status="PASS" starttime="20201231 10:58:08.839" endtime="20201231 10:58:11.148"></status>
</kw>
<kw name="Wait Until Page Contains" library="SeleniumLibrary">
<doc>Waits until ``text`` appears on the current page.</doc>
<arguments>
<arg>Update Profile</arg>
</arguments>
<status status="PASS" starttime="20201231 10:58:11.149" endtime="20201231 10:58:12.164"></status>
</kw>
<kw name="Sleep" library="BuiltIn">
<doc>Pauses the test executed for the given time.</doc>
<arguments>
<arg>5s</arg>
</arguments>
<msg timestamp="20201231 10:58:17.184" level="INFO">Slept 5 seconds</msg>
<status status="PASS" starttime="20201231 10:58:12.164" endtime="20201231 10:58:17.198"></status>
</kw>
<kw name="Click Element" library="SeleniumLibrary">
<doc>Click the element identified by ``locator``.</doc>
<arguments>
<arg>//li//li[1]//a[1]</arg>
</arguments>
<msg timestamp="20201231 10:58:17.208" level="INFO">Clicking element '//li//li[1]//a[1]'.</msg>
<status status="PASS" starttime="20201231 10:58:17.205" endtime="20201231 10:58:19.306"></status>
</kw>
<status status="PASS" starttime="20201231 10:58:02.824" endtime="20201231 10:58:19.309"></status>
</kw>
<kw name="Update Personal Details" library="JobseekerApp">
<kw name="Validate PageObjects" library="PersonalDetails">
<kw name="Wait Until Page Contains" library="SeleniumLibrary">
<doc>Waits until ``text`` appears on the current page.</doc>
<arguments>
<arg>Personal Details</arg>
</arguments>
<status status="PASS" starttime="20201231 10:58:19.327" endtime="20201231 10:58:20.559"></status>
</kw>
<kw name="Sleep" library="BuiltIn">
<doc>Pauses the test executed for the given time.</doc>
<arguments>
<arg>5s</arg>
</arguments>
<msg timestamp="20201231 10:58:25.561" level="INFO">Slept 5 seconds</msg>
<status status="PASS" starttime="20201231 10:58:20.560" endtime="20201231 10:58:25.562"></status>
</kw>
<kw name="Element Text Should Be" library="SeleniumLibrary">
<doc>Verifies that element ``locator`` contains exact the text ``expected``.</doc>
<arguments>
<arg>//div[contains(text(),'Personal Details')]</arg>
<arg>Personal Details</arg>
</arguments>
<msg timestamp="20201231 10:58:25.564" level="INFO">Verifying element '//div[contains(text(),'Personal Details')]' contains exact text 'Personal Details'.</msg>
<status status="PASS" starttime="20201231 10:58:25.562" endtime="20201231 10:58:27.652"></status>
</kw>
<kw name="Element Text Should Be" library="SeleniumLibrary">
<doc>Verifies that element ``locator`` contains exact the text ``expected``.</doc>
<arguments>
<arg>//span[contains(text(),'Profile Picture')]</arg>
<arg>Profile Picture</arg>
</arguments>
<msg timestamp="20201231 10:58:27.653" level="INFO">Verifying element '//span[contains(text(),'Profile Picture')]' contains exact text 'Profile Picture'.</msg>
<status status="PASS" starttime="20201231 10:58:27.653" endtime="20201231 10:58:29.697"></status>
</kw>
<kw name="Element Text Should Be" library="SeleniumLibrary">
<doc>Verifies that element ``locator`` contains exact the text ``expected``.</doc>
<arguments>
<arg>//label[contains(text(),'Video JD')]</arg>
<arg>Video JD</arg>
</arguments>
<msg timestamp="20201231 10:58:29.698" level="INFO">Verifying element '//label[contains(text(),'Video JD')]' contains exact text 'Video JD'.</msg>
<status status="PASS" starttime="20201231 10:58:29.698" endtime="20201231 10:58:31.726"></status>
</kw>
<kw name="Element Text Should Be" library="SeleniumLibrary">
<doc>Verifies that element ``locator`` contains exact the text ``expected``.</doc>
<arguments>
<arg>//label[contains(text(),'DOB')]</arg>
<arg>DOB</arg>
</arguments>
<msg timestamp="20201231 10:58:31.727" level="INFO">Verifying element '//label[contains(text(),'DOB')]' contains exact text 'DOB'.</msg>
<status status="PASS" starttime="20201231 10:58:31.727" endtime="20201231 10:58:33.751"></status>
</kw>
<kw name="Element Text Should Be" library="SeleniumLibrary">
<doc>Verifies that element ``locator`` contains exact the text ``expected``.</doc>
<arguments>
<arg>//label[contains(text(),'Contact Number')]</arg>
<arg>Contact Number</arg>
</arguments>
<msg timestamp="20201231 10:58:33.752" level="INFO">Verifying element '//label[contains(text(),'Contact Number')]' contains exact text 'Contact Number'.</msg>
<status status="PASS" starttime="20201231 10:58:33.752" endtime="20201231 10:58:35.776"></status>
</kw>
<kw name="Element Text Should Be" library="SeleniumLibrary">
<doc>Verifies that element ``locator`` contains exact the text ``expected``.</doc>
<arguments>
<arg>//label[contains(text(),'Current Location')]</arg>
<arg>Current Location</arg>
</arguments>
<msg timestamp="20201231 10:58:35.777" level="INFO">Verifying element '//label[contains(text(),'Current Location')]' contains exact text 'Current Location'.</msg>
<status status="PASS" starttime="20201231 10:58:35.777" endtime="20201231 10:58:37.803"></status>
</kw>
<kw name="Element Text Should Be" library="SeleniumLibrary">
<doc>Verifies that element ``locator`` contains exact the text ``expected``.</doc>
<arguments>
<arg>//label[contains(text(),'Nationality')]</arg>
<arg>Nationality</arg>
</arguments>
<msg timestamp="20201231 10:58:37.804" level="INFO">Verifying element '//label[contains(text(),'Nationality')]' contains exact text 'Nationality'.</msg>
<status status="PASS" starttime="20201231 10:58:37.804" endtime="20201231 10:58:39.828"></status>
</kw>
<kw name="Element Text Should Be" library="SeleniumLibrary">
<doc>Verifies that element ``locator`` contains exact the text ``expected``.</doc>
<arguments>
<arg>//label[contains(text(),'Linkedin Profile Url')]</arg>
<arg>Linkedin Profile Url</arg>
</arguments>
<msg timestamp="20201231 10:58:39.829" level="INFO">Verifying element '//label[contains(text(),'Linkedin Profile Url')]' contains exact text 'Linkedin Profile Url'.</msg>
<status status="PASS" starttime="20201231 10:58:39.829" endtime="20201231 10:58:41.852"></status>
</kw>
<kw name="Element Text Should Be" library="SeleniumLibrary">
<doc>Verifies that element ``locator`` contains exact the text ``expected``.</doc>
<arguments>
<arg>//label[contains(text(),'Github Profile Url')]</arg>
<arg>Github Profile Url</arg>
</arguments>
<msg timestamp="20201231 10:58:41.853" level="INFO">Verifying element '//label[contains(text(),'Github Profile Url')]' contains exact text 'Github Profile Url'.</msg>
<status status="PASS" starttime="20201231 10:58:41.853" endtime="20201231 10:58:43.886"></status>
</kw>
<kw name="Element Text Should Be" library="SeleniumLibrary">
<doc>Verifies that element ``locator`` contains exact the text ``expected``.</doc>
<arguments>
<arg>//span[contains(text(),'Validate')]</arg>
<arg>Validate</arg>
</arguments>
<msg timestamp="20201231 10:58:43.887" level="INFO">Verifying element '//span[contains(text(),'Validate')]' contains exact text 'Validate'.</msg>
<status status="PASS" starttime="20201231 10:58:43.887" endtime="20201231 10:58:45.920"></status>
</kw>
<kw name="Element Text Should Be" library="SeleniumLibrary">
<doc>Verifies that element ``locator`` contains exact the text ``expected``.</doc>
<arguments>
<arg>//p[contains(text(),'Drag or Click to Upload')]</arg>
<arg>Drag or Click to Upload</arg>
</arguments>
<msg timestamp="20201231 10:58:45.921" level="INFO">Verifying element '//p[contains(text(),'Drag or Click to Upload')]' contains exact text 'Drag or Click to Upload'.</msg>
<status status="PASS" starttime="20201231 10:58:45.921" endtime="20201231 10:58:47.952"></status>
</kw>
<kw name="Page Should Contain Element" library="SeleniumLibrary">
<doc>Verifies that element ``locator`` is found on the current page.</doc>
<arguments>
<arg>//div[@class='steps-action']/button</arg>
</arguments>
<msg timestamp="20201231 10:58:48.974" level="INFO">Current page contains element '//div[@class='steps-action']/button'.</msg>
<status status="PASS" starttime="20201231 10:58:47.954" endtime="20201231 10:58:48.975"></status>
</kw>
<kw name="Page Should Contain Element" library="SeleniumLibrary">
<doc>Verifies that element ``locator`` is found on the current page.</doc>
<arguments>
<arg>//section[1]/article[1]/div[3]/button[1]</arg>
</arguments>
<msg timestamp="20201231 10:58:49.999" level="INFO">Current page contains element '//section[1]/article[1]/div[3]/button[1]'.</msg>
<status status="PASS" starttime="20201231 10:58:48.976" endtime="20201231 10:58:49.999"></status>
</kw>
<status status="PASS" starttime="20201231 10:58:19.325" endtime="20201231 10:58:50.000"></status>
</kw>
<kw name="Image Upload" library="PersonalDetails">
<kw name="Wait Until Page Contains Element" library="SeleniumLibrary">
<doc>Waits until the element ``locator`` appears on the current page.</doc>
<arguments>
<arg>//div[1]/div[2]/div[1]/span[1]/span[1]/div[1]/span[1]</arg>
<arg>timeout=60s</arg>
<arg>error=Element not Loaded</arg>
</arguments>
<status status="PASS" starttime="20201231 10:58:50.001" endtime="20201231 10:58:51.013"></status>
</kw>
<kw name="Click Element" library="SeleniumLibrary">
<doc>Click the element identified by ``locator``.</doc>
<arguments>
<arg>//div[1]/div[2]/div[1]/span[1]/span[1]/div[1]/span[1]</arg>
</arguments>
<msg timestamp="20201231 10:58:51.015" level="INFO">Clicking element '//div[1]/div[2]/div[1]/span[1]/span[1]/div[1]/span[1]'.</msg>
<status status="PASS" starttime="20201231 10:58:51.014" endtime="20201231 10:58:54.680"></status>
</kw>
<kw name="Typewrite" library="pyautogui">
<doc>Performs a keyboard key press down, followed by a release, for each of
the characters in message.</doc>
<arguments>
<arg>${IMAGE_FILE_PATH}</arg>
</arguments>
<status status="PASS" starttime="20201231 10:58:54.681" endtime="20201231 10:58:54.937"></status>
</kw>
<kw name="Sleep" library="BuiltIn">
<doc>Pauses the test executed for the given time.</doc>
<arguments>
<arg>2s</arg>
</arguments>
<msg timestamp="20201231 10:58:56.940" level="INFO">Slept 2 seconds</msg>
<status status="PASS" starttime="20201231 10:58:54.938" endtime="20201231 10:58:56.940"></status>
</kw>
<kw name="Press Combination" library="ImageHorizonLibrary">
<doc>Press given keyboard keys.</doc>
<arguments>
<arg>Key.enter</arg>
</arguments>
<status status="PASS" starttime="20201231 10:58:56.941" endtime="20201231 10:58:57.048"></status>
</kw>
<status status="PASS" starttime="20201231 10:58:50.000" endtime="20201231 10:58:57.050"></status>
</kw>
<kw name="Resume Upload" library="PersonalDetails">
<kw name="Wait Until Page Contains Element" library="SeleniumLibrary">
<doc>Waits until the element ``locator`` appears on the current page.</doc>
<arguments>
<arg>//p[contains(text(),'Drag or Click to Upload')]</arg>
<arg>timeout=60s</arg>
<arg>error=Element not loaded successfully</arg>
</arguments>
<status status="PASS" starttime="20201231 10:58:57.055" endtime="20201231 10:58:58.246"></status>
</kw>
<kw name="Click Element" library="SeleniumLibrary">
<doc>Click the element identified by ``locator``.</doc>
<arguments>
<arg>//p[contains(text(),'Drag or Click to Upload')]</arg>
</arguments>
<msg timestamp="20201231 10:58:58.247" level="INFO">Clicking element '//p[contains(text(),'Drag or Click to Upload')]'.</msg>
<status status="PASS" starttime="20201231 10:58:58.247" endtime="20201231 10:59:01.223"></status>
</kw>
<kw name="Typewrite" library="pyautogui">
<doc>Performs a keyboard key press down, followed by a release, for each of
the characters in message.</doc>
<arguments>
<arg>${RESUME}</arg>
</arguments>
<status status="PASS" starttime="20201231 10:59:01.223" endtime="20201231 10:59:01.513"></status>
</kw>
<kw name="Sleep" library="BuiltIn">
<doc>Pauses the test executed for the given time.</doc>
<arguments>
<arg>2s</arg>
</arguments>
<msg timestamp="20201231 10:59:03.515" level="INFO">Slept 2 seconds</msg>
<status status="PASS" starttime="20201231 10:59:01.514" endtime="20201231 10:59:03.515"></status>
</kw>
<kw name="Press Combination" library="ImageHorizonLibrary">
<doc>Press given keyboard keys.</doc>
<arguments>
<arg>Key.enter</arg>
</arguments>
<status status="PASS" starttime="20201231 10:59:03.516" endtime="20201231 10:59:03.621"></status>
</kw>
<kw name="Wait Until Element Is Enabled" library="SeleniumLibrary">
<doc>Waits until the element ``locator`` is enabled.</doc>
<arguments>
<arg>//span[contains(text(),'saravjeet.doc')]</arg>
</arguments>
<status status="PASS" starttime="20201231 10:59:03.623" endtime="20201231 10:59:08.049"></status>
</kw>
<kw name="Wait Until Element Is Visible" library="SeleniumLibrary">
<doc>Waits until the element ``locator`` is visible.</doc>
<arguments>
<arg>//span[contains(text(),'saravjeet.doc')]</arg>
</arguments>
<status status="PASS" starttime="20201231 10:59:08.050" endtime="20201231 10:59:10.111"></status>
</kw>
<status status="PASS" starttime="20201231 10:58:57.052" endtime="20201231 10:59:10.112"></status>
</kw>
<kw name="Video JD Upload" library="PersonalDetails">
<kw name="Wait Until Page Contains Element" library="SeleniumLibrary">
<doc>Waits until the element ``locator`` appears on the current page.</doc>
<arguments>
<arg>//div[2]/div[1]/div[1]/span[1]/span[1]/div[1]/span[1]/button[1]</arg>
</arguments>
<status status="PASS" starttime="20201231 10:59:10.113" endtime="20201231 10:59:11.130"></status>
</kw>
<kw name="Click Element" library="SeleniumLibrary">
<doc>Click the element identified by ``locator``.</doc>
<arguments>
<arg>//div[2]/div[1]/div[1]/span[1]/span[1]/div[1]/span[1]/button[1]</arg>
</arguments>
<msg timestamp="20201231 10:59:11.131" level="INFO">Clicking element '//div[2]/div[1]/div[1]/span[1]/span[1]/div[1]/span[1]/button[1]'.</msg>
<status status="PASS" starttime="20201231 10:59:11.131" endtime="20201231 10:59:14.436"></status>
</kw>
<kw name="Sleep" library="BuiltIn">
<doc>Pauses the test executed for the given time.</doc>
<arguments>
<arg>1s</arg>
</arguments>
<msg timestamp="20201231 10:59:15.437" level="INFO">Slept 1 second</msg>
<status status="PASS" starttime="20201231 10:59:14.437" endtime="20201231 10:59:15.437"></status>
</kw>
<kw name="Typewrite" library="pyautogui">
<doc>Performs a keyboard key press down, followed by a release, for each of
the characters in message.</doc>
<arguments>
<arg>${VIDEO_JD}</arg>
</arguments>
<status status="PASS" starttime="20201231 10:59:15.438" endtime="20201231 10:59:15.892"></status>
</kw>
<kw name="Sleep" library="BuiltIn">
<doc>Pauses the test executed for the given time.</doc>
<arguments>
<arg>2s</arg>
</arguments>
<msg timestamp="20201231 10:59:17.896" level="INFO">Slept 2 seconds</msg>
<status status="PASS" starttime="20201231 10:59:15.893" endtime="20201231 10:59:17.896"></status>
</kw>
<kw name="Press Combination" library="ImageHorizonLibrary">
<doc>Press given keyboard keys.</doc>
<arguments>
<arg>Key.enter</arg>
</arguments>
<status status="PASS" starttime="20201231 10:59:17.897" endtime="20201231 10:59:18.009"></status>
</kw>
<kw name="Wait Until Element Is Enabled" library="SeleniumLibrary">
<doc>Waits until the element ``locator`` is enabled.</doc>
<arguments>
<arg>//span[contains(text(),'big_buck_bunny_720p_1mb.mp4')]</arg>
</arguments>
<status status="PASS" starttime="20201231 10:59:18.020" endtime="20201231 10:59:22.415"></status>
</kw>
<kw name="Wait Until Element Is Visible" library="SeleniumLibrary">
<doc>Waits until the element ``locator`` is visible.</doc>
<arguments>
<arg>//span[contains(text(),'big_buck_bunny_720p_1mb.mp4')]</arg>
</arguments>
<status status="PASS" starttime="20201231 10:59:22.415" endtime="20201231 10:59:24.457"></status>
</kw>
<status status="PASS" starttime="20201231 10:59:10.112" endtime="20201231 10:59:24.458"></status>
</kw>
<kw name="Contact Number" library="PersonalDetails">
<kw name="Sleep" library="BuiltIn">
<doc>Pauses the test executed for the given time.</doc>
<arguments>
<arg>3s</arg>
</arguments>
<msg timestamp="20201231 10:59:27.462" level="INFO">Slept 3 seconds</msg>
<status status="PASS" starttime="20201231 10:59:24.460" endtime="20201231 10:59:27.462"></status>
</kw>
<kw name="Page Should Contain Element" library="SeleniumLibrary">
<doc>Verifies that element ``locator`` is found on the current page.</doc>
<arguments>
<arg>//label[contains(text(),'Contact Number')]</arg>
</arguments>
<msg timestamp="20201231 10:59:28.472" level="INFO">Current page contains element '//label[contains(text(),'Contact Number')]'.</msg>
<status status="PASS" starttime="20201231 10:59:27.463" endtime="20201231 10:59:28.473"></status>
</kw>
<kw name="Clear Element Text" library="SeleniumLibrary">
<doc>Clears the value of the text-input-element identified by ``locator``.</doc>
<arguments>
<arg>css=#contactNo</arg>
</arguments>
<status status="PASS" starttime="20201231 10:59:28.474" endtime="20201231 10:59:30.505"></status>
</kw>
<kw name="Input Text" library="SeleniumLibrary">
<doc>Types the given ``text`` into the text field identified by ``locator``.</doc>
<arguments>
<arg>css=#contactNo</arg>
<arg>${CONTACT_NO}</arg>
</arguments>
<msg timestamp="20201231 10:59:30.506" level="INFO">Typing text '9975568427' into text field 'css=#contactNo'.</msg>
<status status="PASS" starttime="20201231 10:59:30.505" endtime="20201231 10:59:33.869"></status>
</kw>
<status status="PASS" starttime="20201231 10:59:24.459" endtime="20201231 10:59:33.870"></status>
</kw>
<kw name="DOB Update" library="PersonalDetails">
<kw name="Sleep" library="BuiltIn">
<doc>Pauses the test executed for the given time.</doc>
<arguments>
<arg>3s</arg>
</arguments>
<msg timestamp="20201231 10:59:36.874" level="INFO">Slept 3 seconds</msg>
<status status="PASS" starttime="20201231 10:59:33.872" endtime="20201231 10:59:36.874"></status>
</kw>
<kw name="Click Element" library="SeleniumLibrary">
<doc>Click the element identified by ``locator``.</doc>
<arguments>
<arg>//div/input[@class='ant-calendar-picker-input ant-input']</arg>
</arguments>
<msg timestamp="20201231 10:59:36.876" level="INFO">Clicking element '//div/input[@class='ant-calendar-picker-input ant-input']'.</msg>
<status status="PASS" starttime="20201231 10:59:36.875" endtime="20201231 10:59:39.255"></status>
</kw>
<kw name="Sleep" library="BuiltIn">
<doc>Pauses the test executed for the given time.</doc>
<arguments>
<arg>1s</arg>
</arguments>
<msg timestamp="20201231 10:59:40.257" level="INFO">Slept 1 second</msg>
<status status="PASS" starttime="20201231 10:59:39.256" endtime="20201231 10:59:40.257"></status>
</kw>
<kw name="Repeat Keyword" library="BuiltIn">
<doc>Executes the specified keyword multiple times.</doc>
<arguments>
<arg>15 times</arg>
<arg>Previous Month</arg>
</arguments>
<msg timestamp="20201231 10:59:40.258" level="INFO">Repeating keyword, round 1/15.</msg>
<kw name="Previous Month" library="PersonalDetails">
<kw name="Click Element" library="SeleniumLibrary">
<doc>Click the element identified by ``locator``.</doc>
<arguments>
<arg>//a[@class='ant-calendar-prev-year-btn']</arg>
</arguments>
<msg timestamp="20201231 10:59:40.260" level="INFO">Clicking element '//a[@class='ant-calendar-prev-year-btn']'.</msg>
<status status="PASS" starttime="20201231 10:59:40.259" endtime="20201231 10:59:42.559"></status>
</kw>
<status status="PASS" starttime="20201231 10:59:40.259" endtime="20201231 10:59:42.559"></status>
</kw>
<msg timestamp="20201231 10:59:42.560" level="INFO">Repeating keyword, round 2/15.</msg>
<kw name="Previous Month" library="PersonalDetails">
<kw name="Click Element" library="SeleniumLibrary">
<doc>Click the element identified by ``locator``.</doc>
<arguments>
<arg>//a[@class='ant-calendar-prev-year-btn']</arg>
</arguments>
<msg timestamp="20201231 10:59:42.562" level="INFO">Clicking element '//a[@class='ant-calendar-prev-year-btn']'.</msg>
<status status="PASS" starttime="20201231 10:59:42.561" endtime="20201231 10:59:44.818"></status>
</kw>
<status status="PASS" starttime="20201231 10:59:42.560" endtime="20201231 10:59:44.818"></status>
</kw>
<msg timestamp="20201231 10:59:44.819" level="INFO">Repeating keyword, round 3/15.</msg>
<kw name="Previous Month" library="PersonalDetails">
<kw name="Click Element" library="SeleniumLibrary">
<doc>Click the element identified by ``locator``.</doc>
<arguments>
<arg>//a[@class='ant-calendar-prev-year-btn']</arg>
</arguments>
<msg timestamp="20201231 10:59:44.821" level="INFO">Clicking element '//a[@class='ant-calendar-prev-year-btn']'.</msg>
<status status="PASS" starttime="20201231 10:59:44.820" endtime="20201231 10:59:47.078"></status>
</kw>
<status status="PASS" starttime="20201231 10:59:44.819" endtime="20201231 10:59:47.078"></status>
</kw>
<msg timestamp="20201231 10:59:47.079" level="INFO">Repeating keyword, round 4/15.</msg>
<kw name="Previous Month" library="PersonalDetails">
<kw name="Click Element" library="SeleniumLibrary">
<doc>Click the element identified by ``locator``.</doc>
<arguments>
<arg>//a[@class='ant-calendar-prev-year-btn']</arg>
</arguments>
<msg timestamp="20201231 10:59:47.080" level="INFO">Clicking element '//a[@class='ant-calendar-prev-year-btn']'.</msg>
<status status="PASS" starttime="20201231 10:59:47.080" endtime="20201231 10:59:49.374"></status>
</kw>
<status status="PASS" starttime="20201231 10:59:47.079" endtime="20201231 10:59:49.375"></status>
</kw>
<msg timestamp="20201231 10:59:49.375" level="INFO">Repeating keyword, round 5/15.</msg>
<kw name="Previous Month" library="PersonalDetails">
<kw name="Click Element" library="SeleniumLibrary">
<doc>Click the element identified by ``locator``.</doc>
<arguments>
<arg>//a[@class='ant-calendar-prev-year-btn']</arg>
</arguments>
<msg timestamp="20201231 10:59:49.376" level="INFO">Clicking element '//a[@class='ant-calendar-prev-year-btn']'.</msg>
<status status="PASS" starttime="20201231 10:59:49.376" endtime="20201231 10:59:51.648"></status>
</kw>
<status status="PASS" starttime="20201231 10:59:49.375" endtime="20201231 10:59:51.648"></status>
</kw>
<msg timestamp="20201231 10:59:51.649" level="INFO">Repeating keyword, round 6/15.</msg>
<kw name="Previous Month" library="PersonalDetails">
<kw name="Click Element" library="SeleniumLibrary">
<doc>Click the element identified by ``locator``.</doc>
<arguments>
<arg>//a[@class='ant-calendar-prev-year-btn']</arg>
</arguments>
<msg timestamp="20201231 10:59:51.651" level="INFO">Clicking element '//a[@class='ant-calendar-prev-year-btn']'.</msg>
<status status="PASS" starttime="20201231 10:59:51.650" endtime="20201231 10:59:53.950"></status>
</kw>
<status status="PASS" starttime="20201231 10:59:51.649" endtime="20201231 10:59:53.951"></status>
</kw>
<msg timestamp="20201231 10:59:53.951" level="INFO">Repeating keyword, round 7/15.</msg>
<kw name="Previous Month" library="PersonalDetails">
<kw name="Click Element" library="SeleniumLibrary">
<doc>Click the element identified by ``locator``.</doc>
<arguments>
<arg>//a[@class='ant-calendar-prev-year-btn']</arg>
</arguments>
<msg timestamp="20201231 10:59:53.953" level="INFO">Clicking element '//a[@class='ant-calendar-prev-year-btn']'.</msg>
<status status="PASS" starttime="20201231 10:59:53.952" endtime="20201231 10:59:56.235"></status>
</kw>
<status status="PASS" starttime="20201231 10:59:53.951" endtime="20201231 10:59:56.235"></status>
</kw>
<msg timestamp="20201231 10:59:56.236" level="INFO">Repeating keyword, round 8/15.</msg>
<kw name="Previous Month" library="PersonalDetails">
<kw name="Click Element" library="SeleniumLibrary">
<doc>Click the element identified by ``locator``.</doc>
<arguments>
<arg>//a[@class='ant-calendar-prev-year-btn']</arg>
</arguments>
<msg timestamp="20201231 10:59:56.237" level="INFO">Clicking element '//a[@class='ant-calendar-prev-year-btn']'.</msg>
<status status="PASS" starttime="20201231 10:59:56.237" endtime="20201231 10:59:58.504"></status>
</kw>
<status status="PASS" starttime="20201231 10:59:56.236" endtime="20201231 10:59:58.505"></status>
</kw>
<msg timestamp="20201231 10:59:58.505" level="INFO">Repeating keyword, round 9/15.</msg>
<kw name="Previous Month" library="PersonalDetails">
<kw name="Click Element" library="SeleniumLibrary">
<doc>Click the element identified by ``locator``.</doc>
<arguments>
<arg>//a[@class='ant-calendar-prev-year-btn']</arg>
</arguments>
<msg timestamp="20201231 10:59:58.507" level="INFO">Clicking element '//a[@class='ant-calendar-prev-year-btn']'.</msg>
<status status="PASS" starttime="20201231 10:59:58.507" endtime="20201231 11:00:00.778"></status>
</kw>
<status status="PASS" starttime="20201231 10:59:58.505" endtime="20201231 11:00:00.778"></status>
</kw>
<msg timestamp="20201231 11:00:00.779" level="INFO">Repeating keyword, round 10/15.</msg>
<kw name="Previous Month" library="PersonalDetails">
<kw name="Click Element" library="SeleniumLibrary">
<doc>Click the element identified by ``locator``.</doc>
<arguments>
<arg>//a[@class='ant-calendar-prev-year-btn']</arg>
</arguments>
<msg timestamp="20201231 11:00:00.780" level="INFO">Clicking element '//a[@class='ant-calendar-prev-year-btn']'.</msg>
<status status="PASS" starttime="20201231 11:00:00.780" endtime="20201231 11:00:03.046"></status>
</kw>
<status status="PASS" starttime="20201231 11:00:00.779" endtime="20201231 11:00:03.047"></status>
</kw>
<msg timestamp="20201231 11:00:03.047" level="INFO">Repeating keyword, round 11/15.</msg>
<kw name="Previous Month" library="PersonalDetails">
<kw name="Click Element" library="SeleniumLibrary">
<doc>Click the element identified by ``locator``.</doc>
<arguments>
<arg>//a[@class='ant-calendar-prev-year-btn']</arg>
</arguments>
<msg timestamp="20201231 11:00:03.049" level="INFO">Clicking element '//a[@class='ant-calendar-prev-year-btn']'.</msg>
<status status="PASS" starttime="20201231 11:00:03.048" endtime="20201231 11:00:05.306"></status>
</kw>
<status status="PASS" starttime="20201231 11:00:03.047" endtime="20201231 11:00:05.306"></status>
</kw>
<msg timestamp="20201231 11:00:05.307" level="INFO">Repeating keyword, round 12/15.</msg>
<kw name="Previous Month" library="PersonalDetails">
<kw name="Click Element" library="SeleniumLibrary">
<doc>Click the element identified by ``locator``.</doc>
<arguments>
<arg>//a[@class='ant-calendar-prev-year-btn']</arg>
</arguments>
<msg timestamp="20201231 11:00:05.308" level="INFO">Clicking element '//a[@class='ant-calendar-prev-year-btn']'.</msg>
<status status="PASS" starttime="20201231 11:00:05.308" endtime="20201231 11:00:07.561"></status>
</kw>
<status status="PASS" starttime="20201231 11:00:05.307" endtime="20201231 11:00:07.562"></status>
</kw>
<msg timestamp="20201231 11:00:07.562" level="INFO">Repeating keyword, round 13/15.</msg>
<kw name="Previous Month" library="PersonalDetails">
<kw name="Click Element" library="SeleniumLibrary">
<doc>Click the element identified by ``locator``.</doc>
<arguments>
<arg>//a[@class='ant-calendar-prev-year-btn']</arg>
</arguments>
<msg timestamp="20201231 11:00:07.564" level="INFO">Clicking element '//a[@class='ant-calendar-prev-year-btn']'.</msg>
<status status="PASS" starttime="20201231 11:00:07.564" endtime="20201231 11:00:09.828"></status>
</kw>
<status status="PASS" starttime="20201231 11:00:07.563" endtime="20201231 11:00:09.828"></status>
</kw>
<msg timestamp="20201231 11:00:09.829" level="INFO">Repeating keyword, round 14/15.</msg>
<kw name="Previous Month" library="PersonalDetails">
<kw name="Click Element" library="SeleniumLibrary">
<doc>Click the element identified by ``locator``.</doc>
<arguments>
<arg>//a[@class='ant-calendar-prev-year-btn']</arg>
</arguments>
<msg timestamp="20201231 11:00:09.830" level="INFO">Clicking element '//a[@class='ant-calendar-prev-year-btn']'.</msg>
<status status="PASS" starttime="20201231 11:00:09.830" endtime="20201231 11:00:12.091"></status>
</kw>
<status status="PASS" starttime="20201231 11:00:09.829" endtime="20201231 11:00:12.092"></status>
</kw>
<msg timestamp="20201231 11:00:12.092" level="INFO">Repeating keyword, round 15/15.</msg>
<kw name="Previous Month" library="PersonalDetails">
<kw name="Click Element" library="SeleniumLibrary">
<doc>Click the element identified by ``locator``.</doc>
<arguments>
<arg>//a[@class='ant-calendar-prev-year-btn']</arg>
</arguments>
<msg timestamp="20201231 11:00:12.094" level="INFO">Clicking element '//a[@class='ant-calendar-prev-year-btn']'.</msg>
<status status="PASS" starttime="20201231 11:00:12.094" endtime="20201231 11:00:14.352"></status>
</kw>
<status status="PASS" starttime="20201231 11:00:12.093" endtime="20201231 11:00:14.352"></status>
</kw>
<status status="PASS" starttime="20201231 10:59:40.258" endtime="20201231 11:00:14.353"></status>
</kw>
<kw name="Click Element" library="SeleniumLibrary">
<doc>Click the element identified by ``locator``.</doc>
<arguments>
<arg>//div[contains(text(),'17')]</arg>
</arguments>
<msg timestamp="20201231 11:00:14.354" level="INFO">Clicking element '//div[contains(text(),'17')]'.</msg>
<status status="PASS" starttime="20201231 11:00:14.353" endtime="20201231 11:00:16.701"></status>
</kw>
<status status="PASS" starttime="20201231 10:59:33.871" endtime="20201231 11:00:16.701"></status>
</kw>
<kw name="Current Location" library="PersonalDetails">
<kw name="Clear Element Text" library="SeleniumLibrary">
<doc>Clears the value of the text-input-element identified by ``locator``.</doc>
<arguments>
<arg>(//input[@class='ant-input ant-select-search__field'])[2]</arg>
</arguments>
<status status="PASS" starttime="20201231 11:00:16.703" endtime="20201231 11:00:18.862"></status>
</kw>
<kw name="Input Text" library="SeleniumLibrary">
<doc>Types the given ``text`` into the text field identified by ``locator``.</doc>
<arguments>
<arg>(//input[@class='ant-input ant-select-search__field'])[2]</arg>
<arg>${CURRENT_LOCATION}</arg>
</arguments>
<msg timestamp="20201231 11:00:18.863" level="INFO">Typing text 'Dibang Valley, Arunachal Pradesh' into text field '(//input[@class='ant-input ant-select-search__field'])[2]'.</msg>
<status status="PASS" starttime="20201231 11:00:18.863" endtime="20201231 11:00:24.638"></status>
</kw>
<status status="PASS" starttime="20201231 11:00:16.702" endtime="20201231 11:00:24.638"></status>
</kw>
<kw name="Nationality" library="PersonalDetails">
<kw name="Clear Element Text" library="SeleniumLibrary">
<doc>Clears the value of the text-input-element identified by ``locator``.</doc>
<arguments>
<arg>(//input[@class='ant-input ant-select-search__field'])[3]</arg>
</arguments>
<status status="PASS" starttime="20201231 11:00:24.640" endtime="20201231 11:00:26.764"></status>
</kw>
<kw name="Input Text" library="SeleniumLibrary">
<doc>Types the given ``text`` into the text field identified by ``locator``.</doc>
<arguments>
<arg>(//input[@class='ant-input ant-select-search__field'])[3]</arg>
<arg>${NATIONALITY}</arg>
</arguments>
<msg timestamp="20201231 11:00:26.766" level="INFO">Typing text 'UK, British' into text field '(//input[@class='ant-input ant-select-search__field'])[3]'.</msg>
<status status="PASS" starttime="20201231 11:00:26.765" endtime="20201231 11:00:30.528"></status>
</kw>
<status status="PASS" starttime="20201231 11:00:24.639" endtime="20201231 11:00:30.529"></status>
</kw>
<kw name="Linkedin URL" library="PersonalDetails">
<kw name="Clear Element Text" library="SeleniumLibrary">
<doc>Clears the value of the text-input-element identified by ``locator``.</doc>
<arguments>
<arg>xpath=//input[@id='linkedin']</arg>
</arguments>
<status status="PASS" starttime="20201231 11:00:30.530" endtime="20201231 11:00:32.551"></status>
</kw>
<kw name="Input Text" library="SeleniumLibrary">
<doc>Types the given ``text`` into the text field identified by ``locator``.</doc>
<arguments>
<arg>xpath=//input[@id='linkedin']</arg>
<arg>${LINKEDIN}</arg>
</arguments>
<msg timestamp="20201231 11:00:32.552" level="INFO">Typing text 'www.linkedin.com/in/schaggar' into text field 'xpath=//input[@id='linkedin']'.</msg>
<status status="PASS" starttime="20201231 11:00:32.552" endtime="20201231 11:00:36.450"></status>
</kw>
<status status="PASS" starttime="20201231 11:00:30.529" endtime="20201231 11:00:36.450"></status>
</kw>
<kw name="GIT URL" library="PersonalDetails">
<kw name="Clear Element Text" library="SeleniumLibrary">
<doc>Clears the value of the text-input-element identified by ``locator``.</doc>
<arguments>
<arg>xpath=//input[@id='github']</arg>
</arguments>
<status status="PASS" starttime="20201231 11:00:36.452" endtime="20201231 11:00:38.475"></status>
</kw>
<kw name="Input Text" library="SeleniumLibrary">
<doc>Types the given ``text`` into the text field identified by ``locator``.</doc>
<arguments>
<arg>xpath=//input[@id='github']</arg>
<arg>${GIT}</arg>
</arguments>
<msg timestamp="20201231 11:00:38.477" level="INFO">Typing text 'https://github.com/schaggar' into text field 'xpath=//input[@id='github']'.</msg>
<status status="PASS" starttime="20201231 11:00:38.476" endtime="20201231 11:00:42.225"></status>
</kw>
<kw name="Wait Until Page Contains Element" library="SeleniumLibrary">
<doc>Waits until the element ``locator`` appears on the current page.</doc>
<arguments>
<arg>//span[contains(text(),'saravjeet.doc')]</arg>
</arguments>
<status status="PASS" starttime="20201231 11:00:42.226" endtime="20201231 11:00:43.235"></status>
</kw>
<kw name="Wait Until Page Contains Element" library="SeleniumLibrary">
<doc>Waits until the element ``locator`` appears on the current page.</doc>
<arguments>
<arg>//span[contains(text(),'big_buck_bunny_720p_1mb.mp4')]</arg>
</arguments>
<status status="PASS" starttime="20201231 11:00:43.236" endtime="20201231 11:00:44.246"></status>
</kw>
<status status="PASS" starttime="20201231 11:00:36.451" endtime="20201231 11:00:44.247"></status>
</kw>
<kw name="NextPage" library="PersonalDetails">
<kw name="Click Element" library="SeleniumLibrary">
<doc>Click the element identified by ``locator``.</doc>
<arguments>
<arg>xpath=//div[@class='steps-action']//button[@class='ant-btn ant-btn-primary']</arg>
</arguments>
<msg timestamp="20201231 11:00:44.249" level="INFO">Clicking element 'xpath=//div[@class='steps-action']//button[@class='ant-btn ant-btn-primary']'.</msg>
<status status="PASS" starttime="20201231 11:00:44.248" endtime="20201231 11:00:46.558"></status>
</kw>
<status status="PASS" starttime="20201231 11:00:44.247" endtime="20201231 11:00:46.559"></status>
</kw>
<status status="PASS" starttime="20201231 10:58:19.324" endtime="20201231 11:00:46.559"></status>
</kw>
<kw name="Update Educational Details" library="JobseekerApp">
<kw name="Validate PageObjects" library="EducationalDetails">
<kw name="Sleep" library="BuiltIn">
<doc>Pauses the test executed for the given time.</doc>
<arguments>
<arg>5s</arg>
</arguments>
<msg timestamp="20201231 11:00:51.563" level="INFO">Slept 5 seconds</msg>
<status status="PASS" starttime="20201231 11:00:46.561" endtime="20201231 11:00:51.563"></status>
</kw>
<kw name="Page Should Contain Element" library="SeleniumLibrary">
<doc>Verifies that element ``locator`` is found on the current page.</doc>
<arguments>
<arg>//input[@id='specialization-0']</arg>
</arguments>
<msg timestamp="20201231 11:00:52.573" level="INFO">Current page contains element '//input[@id='specialization-0']'.</msg>
<status status="PASS" starttime="20201231 11:00:51.564" endtime="20201231 11:00:52.573"></status>
</kw>
<kw name="Page Should Contain Element" library="SeleniumLibrary">
<doc>Verifies that element ``locator`` is found on the current page.</doc>
<arguments>
<arg>//input[@id='institute-0']</arg>
</arguments>
<msg timestamp="20201231 11:00:53.586" level="INFO">Current page contains element '//input[@id='institute-0']'.</msg>
<status status="PASS" starttime="20201231 11:00:52.574" endtime="20201231 11:00:53.586"></status>
</kw>
<kw name="Click Element" library="SeleniumLibrary">
<doc>Click the element identified by ``locator``.</doc>
<arguments>
<arg>(//span[@class='ant-form-item-children']/button)[2]</arg>
</arguments>
<msg timestamp="20201231 11:00:53.587" level="INFO">Clicking element '(//span[@class='ant-form-item-children']/button)[2]'.</msg>
<status status="PASS" starttime="20201231 11:00:53.587" endtime="20201231 11:00:55.917"></status>
</kw>
<status status="PASS" starttime="20201231 11:00:46.561" endtime="20201231 11:00:55.918"></status>
</kw>
<kw name="Specialization" library="EducationalDetails">
<kw name="Clear Element Text" library="SeleniumLibrary">
<doc>Clears the value of the text-input-element identified by ``locator``.</doc>
<arguments>
<arg>//input[@id='specialization-0']</arg>
</arguments>
<status status="PASS" starttime="20201231 11:00:55.921" endtime="20201231 11:00:57.945"></status>
</kw>
<kw name="Input Text" library="SeleniumLibrary">
<doc>Types the given ``text`` into the text field identified by ``locator``.</doc>
<arguments>
<arg>//input[@id='specialization-0']</arg>
<arg>${SPECIALIZATION}</arg>
</arguments>
<msg timestamp="20201231 11:00:57.946" level="INFO">Typing text 'Computer Science' into text field '//input[@id='specialization-0']'.</msg>
<status status="PASS" starttime="20201231 11:00:57.946" endtime="20201231 11:01:01.400"></status>
</kw>
<status status="PASS" starttime="20201231 11:00:55.919" endtime="20201231 11:01:01.400"></status>
</kw>
<kw name="Institute" library="EducationalDetails">
<kw name="Clear Element Text" library="SeleniumLibrary">
<doc>Clears the value of the text-input-element identified by ``locator``.</doc>
<arguments>
<arg>//input[@id='institute-0']</arg>
</arguments>
<status status="PASS" starttime="20201231 11:01:01.402" endtime="20201231 11:01:03.423"></status>
</kw>
<kw name="Input Text" library="SeleniumLibrary">
<doc>Types the given ``text`` into the text field identified by ``locator``.</doc>
<arguments>
<arg>//input[@id='institute-0']</arg>
<arg>${INSTITUTE}</arg>
</arguments>
<msg timestamp="20201231 11:01:03.424" level="INFO">Typing text 'SSCET' into text field '//input[@id='institute-0']'.</msg>
<status status="PASS" starttime="20201231 11:01:03.424" endtime="20201231 11:01:06.570"></status>
</kw>
<status status="PASS" starttime="20201231 11:01:01.401" endtime="20201231 11:01:06.570"></status>
</kw>
<kw name="NextPage" library="EducationalDetails">
<kw name="Click Element" library="SeleniumLibrary">
<doc>Click the element identified by ``locator``.</doc>
<arguments>
<arg>(//button[contains(text(),'')])[3]</arg>
</arguments>
<msg timestamp="20201231 11:01:06.572" level="INFO">Clicking element '(//button[contains(text(),'')])[3]'.</msg>
<status status="PASS" starttime="20201231 11:01:06.572" endtime="20201231 11:01:08.873"></status>
</kw>
<kw name="Sleep" library="BuiltIn">
<doc>Pauses the test executed for the given time.</doc>
<arguments>
<arg>5s</arg>
</arguments>
<msg timestamp="20201231 11:01:13.875" level="INFO">Slept 5 seconds</msg>
<status status="PASS" starttime="20201231 11:01:08.874" endtime="20201231 11:01:13.876"></status>
</kw>
<status status="PASS" starttime="20201231 11:01:06.571" endtime="20201231 11:01:13.876"></status>
</kw>
<status status="PASS" starttime="20201231 11:00:46.560" endtime="20201231 11:01:13.876"></status>
</kw>
<kw name="Update Employment Details" library="JobseekerApp">
<kw name="Validate Fresher PageObjects" library="EmploymentDetails">
<kw name="Sleep" library="BuiltIn">
<doc>Pauses the test executed for the given time.</doc>
<arguments>
<arg>2s</arg>
</arguments>
<msg timestamp="20201231 11:01:15.884" level="INFO">Slept 2 seconds</msg>
<status status="PASS" starttime="20201231 11:01:13.881" endtime="20201231 11:01:15.884"></status>
</kw>
<kw name="Wait Until Page Contains Element" library="SeleniumLibrary">
<doc>Waits until the element ``locator`` appears on the current page.</doc>
<arguments>
<arg>//label[@for='isFresher']</arg>
</arguments>
<status status="PASS" starttime="20201231 11:01:15.885" endtime="20201231 11:01:16.896"></status>
</kw>
<kw name="Element Text Should Be" library="SeleniumLibrary">
<doc>Verifies that element ``locator`` contains exact the text ``expected``.</doc>
<arguments>
<arg>//label[contains(text(),'Are you fresher?')]</arg>
<arg>Are you fresher?</arg>
</arguments>
<msg timestamp="20201231 11:01:16.897" level="INFO">Verifying element '//label[contains(text(),'Are you fresher?')]' contains exact text 'Are you fresher?'.</msg>
<status status="PASS" starttime="20201231 11:01:16.897" endtime="20201231 11:01:18.926"></status>
</kw>
<kw name="Element Text Should Be" library="SeleniumLibrary">
<doc>Verifies that element ``locator`` contains exact the text ``expected``.</doc>
<arguments>
<arg>//label[contains(text(),'Achievements')]</arg>
<arg>Achievements</arg>
</arguments>
<msg timestamp="20201231 11:01:18.927" level="INFO">Verifying element '//label[contains(text(),'Achievements')]' contains exact text 'Achievements'.</msg>
<status status="PASS" starttime="20201231 11:01:18.927" endtime="20201231 11:01:20.954"></status>
</kw>
<kw name="Page Should Contain Checkbox" library="SeleniumLibrary">
<doc>Verifies checkbox ``locator`` is found from the current page.</doc>
<arguments>
<arg>//input[@id='isFresher']</arg>
</arguments>
<msg timestamp="20201231 11:01:28.032" level="INFO">Current page contains checkbox '//input[@id='isFresher']'.</msg>
<status status="PASS" starttime="20201231 11:01:20.954" endtime="20201231 11:01:28.032"></status>
</kw>
<status status="PASS" starttime="20201231 11:01:13.879" endtime="20201231 11:01:28.033"></status>
</kw>
<kw name="Fresher" library="EmploymentDetails">
<kw name="Clear Element Text" library="SeleniumLibrary">
<doc>Clears the value of the text-input-element identified by ``locator``.</doc>
<arguments>
<arg>//textarea[@id='employmentDescription-0']</arg>
</arguments>
<status status="PASS" starttime="20201231 11:01:28.035" endtime="20201231 11:01:30.058"></status>
</kw>
<kw name="Input Text" library="SeleniumLibrary">
<doc>Types the given ``text`` into the text field identified by ``locator``.</doc>
<arguments>
<arg>//textarea[@id='employmentDescription-0']</arg>
<arg>Robot Framework Testing</arg>
</arguments>
<msg timestamp="20201231 11:01:30.059" level="INFO">Typing text 'Robot Framework Testing' into text field '//textarea[@id='employmentDescription-0']'.</msg>
<status status="PASS" starttime="20201231 11:01:30.059" endtime="20201231 11:01:34.045"></status>
</kw>
<status status="PASS" starttime="20201231 11:01:28.034" endtime="20201231 11:01:34.045"></status>
</kw>
<kw name="Click Element" library="SeleniumLibrary">
<doc>Click the element identified by ``locator``.</doc>
<arguments>
<arg>(//button)[2]</arg>
</arguments>
<msg timestamp="20201231 11:01:34.046" level="INFO">Clicking element '(//button)[2]'.</msg>
<status status="PASS" starttime="20201231 11:01:34.046" endtime="20201231 11:01:36.348"></status>
</kw>
<kw name="Click Element" library="SeleniumLibrary">
<doc>Click the element identified by ``locator``.</doc>
<arguments>
<arg>(//button)[1]</arg>
</arguments>
<msg timestamp="20201231 11:01:36.349" level="INFO">Clicking element '(//button)[1]'.</msg>
<status status="PASS" starttime="20201231 11:01:36.349" endtime="20201231 11:01:38.630"></status>
</kw>
<kw name="Wait Until Page Contains Element" library="SeleniumLibrary">
<doc>Waits until the element ``locator`` appears on the current page.</doc>
<arguments>
<arg>//input[@id='currentCtc-0']</arg>
</arguments>
<status status="PASS" starttime="20201231 11:01:38.631" endtime="20201231 11:01:39.640"></status>
</kw>
<kw name="Clear Element Text" library="SeleniumLibrary">
<doc>Clears the value of the text-input-element identified by ``locator``.</doc>
<arguments>
<arg>//input[@id='currentCtc-0']</arg>
</arguments>
<status status="PASS" starttime="20201231 11:01:39.641" endtime="20201231 11:01:41.660"></status>
</kw>
<kw name="Input Text" library="SeleniumLibrary">
<doc>Types the given ``text`` into the text field identified by ``locator``.</doc>
<arguments>
<arg>//input[@id='currentCtc-0']</arg>
<arg>10</arg>
</arguments>
<msg timestamp="20201231 11:01:41.661" level="INFO">Typing text '10' into text field '//input[@id='currentCtc-0']'.</msg>
<status status="PASS" starttime="20201231 11:01:41.661" endtime="20201231 11:01:44.755"></status>
</kw>
<kw name="Sleep" library="BuiltIn">
<doc>Pauses the test executed for the given time.</doc>
<arguments>
<arg>1s</arg>
</arguments>
<msg timestamp="20201231 11:01:45.757" level="INFO">Slept 1 second</msg>
<status status="PASS" starttime="20201231 11:01:44.756" endtime="20201231 11:01:45.757"></status>
</kw>
<kw name="Click Element" library="SeleniumLibrary">
<doc>Click the element identified by ``locator``.</doc>
<arguments>
<arg>(//input[@placeholder='Select date'])[1]</arg>
</arguments>
<msg timestamp="20201231 11:01:45.758" level="INFO">Clicking element '(//input[@placeholder='Select date'])[1]'.</msg>
<status status="PASS" starttime="20201231 11:01:45.758" endtime="20201231 11:01:48.116"></status>
</kw>
<kw name="Sleep" library="BuiltIn">
<doc>Pauses the test executed for the given time.</doc>
<arguments>
<arg>1s</arg>
</arguments>
<msg timestamp="20201231 11:01:49.119" level="INFO">Slept 1 second</msg>
<status status="PASS" starttime="20201231 11:01:48.117" endtime="20201231 11:01:49.119"></status>
</kw>
<kw name="Repeat Keyword" library="BuiltIn">
<doc>Executes the specified keyword multiple times.</doc>
<arguments>
<arg>10 times</arg>
<arg>Previous Month Employment</arg>
</arguments>
<msg timestamp="20201231 11:01:49.120" level="INFO">Repeating keyword, round 1/10.</msg>
<kw name="Previous Month Employment" library="JobseekerApp">
<kw name="Click Element" library="SeleniumLibrary">
<doc>Click the element identified by ``locator``.</doc>
<arguments>
<arg>//a[@class='ant-calendar-prev-year-btn']</arg>
</arguments>
<msg timestamp="20201231 11:01:49.122" level="INFO">Clicking element '//a[@class='ant-calendar-prev-year-btn']'.</msg>
<status status="PASS" starttime="20201231 11:01:49.122" endtime="20201231 11:01:51.405"></status>
</kw>
<status status="PASS" starttime="20201231 11:01:49.121" endtime="20201231 11:01:51.405"></status>
</kw>
<msg timestamp="20201231 11:01:51.406" level="INFO">Repeating keyword, round 2/10.</msg>
<kw name="Previous Month Employment" library="JobseekerApp">
<kw name="Click Element" library="SeleniumLibrary">
<doc>Click the element identified by ``locator``.</doc>
<arguments>
<arg>//a[@class='ant-calendar-prev-year-btn']</arg>
</arguments>
<msg timestamp="20201231 11:01:51.407" level="INFO">Clicking element '//a[@class='ant-calendar-prev-year-btn']'.</msg>
<status status="PASS" starttime="20201231 11:01:51.407" endtime="20201231 11:01:53.661"></status>
</kw>
<status status="PASS" starttime="20201231 11:01:51.406" endtime="20201231 11:01:53.661"></status>
</kw>
<msg timestamp="20201231 11:01:53.662" level="INFO">Repeating keyword, round 3/10.</msg>
<kw name="Previous Month Employment" library="JobseekerApp">
<kw name="Click Element" library="SeleniumLibrary">
<doc>Click the element identified by ``locator``.</doc>
<arguments>
<arg>//a[@class='ant-calendar-prev-year-btn']</arg>
</arguments>
<msg timestamp="20201231 11:01:53.664" level="INFO">Clicking element '//a[@class='ant-calendar-prev-year-btn']'.</msg>
<status status="PASS" starttime="20201231 11:01:53.664" endtime="20201231 11:01:55.921"></status>
</kw>
<status status="PASS" starttime="20201231 11:01:53.663" endtime="20201231 11:01:55.921"></status>
</kw>
<msg timestamp="20201231 11:01:55.921" level="INFO">Repeating keyword, round 4/10.</msg>
<kw name="Previous Month Employment" library="JobseekerApp">
<kw name="Click Element" library="SeleniumLibrary">
<doc>Click the element identified by ``locator``.</doc>
<arguments>
<arg>//a[@class='ant-calendar-prev-year-btn']</arg>
</arguments>
<msg timestamp="20201231 11:01:55.925" level="INFO">Clicking element '//a[@class='ant-calendar-prev-year-btn']'.</msg>
<status status="PASS" starttime="20201231 11:01:55.922" endtime="20201231 11:01:58.213"></status>
</kw>
<status status="PASS" starttime="20201231 11:01:55.922" endtime="20201231 11:01:58.213"></status>
</kw>
<msg timestamp="20201231 11:01:58.214" level="INFO">Repeating keyword, round 5/10.</msg>
<kw name="Previous Month Employment" library="JobseekerApp">
<kw name="Click Element" library="SeleniumLibrary">
<doc>Click the element identified by ``locator``.</doc>
<arguments>
<arg>//a[@class='ant-calendar-prev-year-btn']</arg>
</arguments>
<msg timestamp="20201231 11:01:58.216" level="INFO">Clicking element '//a[@class='ant-calendar-prev-year-btn']'.</msg>
<status status="PASS" starttime="20201231 11:01:58.216" endtime="20201231 11:02:00.492"></status>
</kw>
<status status="PASS" starttime="20201231 11:01:58.214" endtime="20201231 11:02:00.493"></status>
</kw>
<msg timestamp="20201231 11:02:00.493" level="INFO">Repeating keyword, round 6/10.</msg>
<kw name="Previous Month Employment" library="JobseekerApp">
<kw name="Click Element" library="SeleniumLibrary">
<doc>Click the element identified by ``locator``.</doc>
<arguments>
<arg>//a[@class='ant-calendar-prev-year-btn']</arg>
</arguments>
<msg timestamp="20201231 11:02:00.495" level="INFO">Clicking element '//a[@class='ant-calendar-prev-year-btn']'.</msg>
<status status="PASS" starttime="20201231 11:02:00.494" endtime="20201231 11:02:02.786"></status>
</kw>
<status status="PASS" starttime="20201231 11:02:00.493" endtime="20201231 11:02:02.786"></status>
</kw>
<msg timestamp="20201231 11:02:02.787" level="INFO">Repeating keyword, round 7/10.</msg>
<kw name="Previous Month Employment" library="JobseekerApp">
<kw name="Click Element" library="SeleniumLibrary">
<doc>Click the element identified by ``locator``.</doc>
<arguments>
<arg>//a[@class='ant-calendar-prev-year-btn']</arg>
</arguments>
<msg timestamp="20201231 11:02:02.789" level="INFO">Clicking element '//a[@class='ant-calendar-prev-year-btn']'.</msg>
<status status="PASS" starttime="20201231 11:02:02.788" endtime="20201231 11:02:05.055"></status>
</kw>
<status status="PASS" starttime="20201231 11:02:02.787" endtime="20201231 11:02:05.055"></status>
</kw>
<msg timestamp="20201231 11:02:05.056" level="INFO">Repeating keyword, round 8/10.</msg>
<kw name="Previous Month Employment" library="JobseekerApp">
<kw name="Click Element" library="SeleniumLibrary">
<doc>Click the element identified by ``locator``.</doc>
<arguments>
<arg>//a[@class='ant-calendar-prev-year-btn']</arg>
</arguments>
<msg timestamp="20201231 11:02:05.057" level="INFO">Clicking element '//a[@class='ant-calendar-prev-year-btn']'.</msg>
<status status="PASS" starttime="20201231 11:02:05.057" endtime="20201231 11:02:07.319"></status>
</kw>
<status status="PASS" starttime="20201231 11:02:05.056" endtime="20201231 11:02:07.319"></status>
</kw>
<msg timestamp="20201231 11:02:07.320" level="INFO">Repeating keyword, round 9/10.</msg>
<kw name="Previous Month Employment" library="JobseekerApp">
<kw name="Click Element" library="SeleniumLibrary">
<doc>Click the element identified by ``locator``.</doc>
<arguments>
<arg>//a[@class='ant-calendar-prev-year-btn']</arg>
</arguments>
<msg timestamp="20201231 11:02:07.322" level="INFO">Clicking element '//a[@class='ant-calendar-prev-year-btn']'.</msg>
<status status="PASS" starttime="20201231 11:02:07.322" endtime="20201231 11:02:09.581"></status>
</kw>
<status status="PASS" starttime="20201231 11:02:07.320" endtime="20201231 11:02:09.582"></status>
</kw>
<msg timestamp="20201231 11:02:09.582" level="INFO">Repeating keyword, round 10/10.</msg>
<kw name="Previous Month Employment" library="JobseekerApp">
<kw name="Click Element" library="SeleniumLibrary">
<doc>Click the element identified by ``locator``.</doc>
<arguments>
<arg>//a[@class='ant-calendar-prev-year-btn']</arg>
</arguments>
<msg timestamp="20201231 11:02:09.584" level="INFO">Clicking element '//a[@class='ant-calendar-prev-year-btn']'.</msg>
<status status="PASS" starttime="20201231 11:02:09.583" endtime="20201231 11:02:11.848"></status>
</kw>
<status status="PASS" starttime="20201231 11:02:09.582" endtime="20201231 11:02:11.848"></status>
</kw>
<status status="PASS" starttime="20201231 11:01:49.120" endtime="20201231 11:02:11.849"></status>
</kw>
<kw name="Sleep" library="BuiltIn">
<doc>Pauses the test executed for the given time.</doc>
<arguments>
<arg>1s</arg>
</arguments>
<msg timestamp="20201231 11:02:12.851" level="INFO">Slept 1 second</msg>
<status status="PASS" starttime="20201231 11:02:11.849" endtime="20201231 11:02:12.851"></status>
</kw>
<kw name="Click Element" library="SeleniumLibrary">
<doc>Click the element identified by ``locator``.</doc>
<arguments>
<arg>//div[contains(text(),'20')]</arg>
</arguments>
<msg timestamp="20201231 11:02:12.852" level="INFO">Clicking element '//div[contains(text(),'20')]'.</msg>
<status status="PASS" starttime="20201231 11:02:12.852" endtime="20201231 11:02:15.165"></status>
</kw>
<kw name="Clear Element Text" library="SeleniumLibrary">
<doc>Clears the value of the text-input-element identified by ``locator``.</doc>
<arguments>
<arg>//textarea[@id='employmentDescription-0']</arg>
</arguments>
<status status="PASS" starttime="20201231 11:02:15.166" endtime="20201231 11:02:17.261"></status>
</kw>
<kw name="Input Text" library="SeleniumLibrary">
<doc>Types the given ``text`` into the text field identified by ``locator``.</doc>
<arguments>
<arg>//textarea[@id='employmentDescription-0']</arg>
<arg>Testing</arg>
</arguments>
<msg timestamp="20201231 11:02:17.262" level="INFO">Typing text 'Testing' into text field '//textarea[@id='employmentDescription-0']'.</msg>
<status status="PASS" starttime="20201231 11:02:17.262" endtime="20201231 11:02:20.524"></status>
</kw>
<kw name="Click Element" library="SeleniumLibrary">
<doc>Click the element identified by ``locator``.</doc>
<arguments>
<arg>(//span[@class='ant-checkbox'])[2]</arg>
</arguments>
<msg timestamp="20201231 11:02:20.525" level="INFO">Clicking element '(//span[@class='ant-checkbox'])[2]'.</msg>
<status status="PASS" starttime="20201231 11:02:20.525" endtime="20201231 11:02:22.824"></status>
</kw>
<kw name="Sleep" library="BuiltIn">
<doc>Pauses the test executed for the given time.</doc>
<arguments>
<arg>1s</arg>
</arguments>
<msg timestamp="20201231 11:02:23.826" level="INFO">Slept 1 second</msg>
<status status="PASS" starttime="20201231 11:02:22.825" endtime="20201231 11:02:23.826"></status>
</kw>
<kw name="Input Text" library="SeleniumLibrary">
<doc>Types the given ``text`` into the text field identified by ``locator``.</doc>
<arguments>
<arg>(//input[@role='spinbutton'])[2]</arg>
<arg>60</arg>
</arguments>
<msg timestamp="20201231 11:02:23.827" level="INFO">Typing text '60' into text field '(//input[@role='spinbutton'])[2]'.</msg>
<status status="PASS" starttime="20201231 11:02:23.827" endtime="20201231 11:02:26.942"></status>
</kw>
<kw name="NextPage" library="EmploymentDetails">
<kw name="Click Button" library="SeleniumLibrary">
<doc>Clicks the button identified by ``locator``.</doc>
<arguments>
<arg>//div[@class='steps-action']/button[2]</arg>
</arguments>
<msg timestamp="20201231 11:02:26.945" level="INFO">Clicking button '//div[@class='steps-action']/button[2]'.</msg>
<status status="PASS" starttime="20201231 11:02:26.944" endtime="20201231 11:02:32.302"></status>
</kw>
<status status="PASS" starttime="20201231 11:02:26.943" endtime="20201231 11:02:32.303"></status>
</kw>
<status status="PASS" starttime="20201231 11:01:13.877" endtime="20201231 11:02:32.304"></status>
</kw>
<kw name="Update Project Details" library="JobseekerApp">
<kw name="Validate PageObjects" library="ProjectDetails">
<kw name="Sleep" library="BuiltIn">
<doc>Pauses the test executed for the given time.</doc>
<arguments>
<arg>5s</arg>
</arguments>
<msg timestamp="20201231 11:02:37.312" level="INFO">Slept 5 seconds</msg>
<status status="PASS" starttime="20201231 11:02:32.310" endtime="20201231 11:02:37.312"></status>
</kw>
<kw name="Wait Until Page Contains" library="SeleniumLibrary">
<doc>Waits until ``text`` appears on the current page.</doc>
<arguments>
<arg>Certification Name</arg>
</arguments>
<status status="PASS" starttime="20201231 11:02:37.313" endtime="20201231 11:02:38.337"></status>
</kw>
<kw name="Element Text Should Be" library="SeleniumLibrary">
<doc>Verifies that element ``locator`` contains exact the text ``expected``.</doc>
<arguments>
<arg>//div[contains(text(),'Projects Details')]</arg>
<arg>Projects Details</arg>
</arguments>
<msg timestamp="20201231 11:02:38.338" level="INFO">Verifying element '//div[contains(text(),'Projects Details')]' contains exact text 'Projects Details'.</msg>
<status status="PASS" starttime="20201231 11:02:38.338" endtime="20201231 11:02:40.364"></status>
</kw>
<kw name="Element Text Should Be" library="SeleniumLibrary">
<doc>Verifies that element ``locator`` contains exact the text ``expected``.</doc>
<arguments>
<arg>//label[contains(text(),'Certification Name')]</arg>
<arg>Certification Name</arg>
</arguments>
<msg timestamp="20201231 11:02:40.365" level="INFO">Verifying element '//label[contains(text(),'Certification Name')]' contains exact text 'Certification Name'.</msg>
<status status="PASS" starttime="20201231 11:02:40.365" endtime="20201231 11:02:42.390"></status>
</kw>
<kw name="Element Text Should Be" library="SeleniumLibrary">
<doc>Verifies that element ``locator`` contains exact the text ``expected``.</doc>
<arguments>
<arg>//label[contains(text(),'Certification authority')]</arg>
<arg>Certification authority</arg>
</arguments>
<msg timestamp="20201231 11:02:42.391" level="INFO">Verifying element '//label[contains(text(),'Certification authority')]' contains exact text 'Certification authority'.</msg>
<status status="PASS" starttime="20201231 11:02:42.391" endtime="20201231 11:02:44.415"></status>
</kw>
<kw name="Element Text Should Be" library="SeleniumLibrary">
<doc>Verifies that element ``locator`` contains exact the text ``expected``.</doc>
<arguments>
<arg>//label[contains(text(),'Project Title')]</arg>
<arg>Project Title</arg>
</arguments>
<msg timestamp="20201231 11:02:44.416" level="INFO">Verifying element '//label[contains(text(),'Project Title')]' contains exact text 'Project Title'.</msg>
<status status="PASS" starttime="20201231 11:02:44.416" endtime="20201231 11:02:46.441"></status>
</kw>
<kw name="Element Text Should Be" library="SeleniumLibrary">
<doc>Verifies that element ``locator`` contains exact the text ``expected``.</doc>
<arguments>
<arg>//label[contains(text(),'Skills Utilized')]</arg>
<arg>Skills Utilized</arg>
</arguments>
<msg timestamp="20201231 11:02:46.442" level="INFO">Verifying element '//label[contains(text(),'Skills Utilized')]' contains exact text 'Skills Utilized'.</msg>
<status status="PASS" starttime="20201231 11:02:46.442" endtime="20201231 11:02:48.467"></status>
</kw>
<kw name="Element Text Should Be" library="SeleniumLibrary">
<doc>Verifies that element ``locator`` contains exact the text ``expected``.</doc>
<arguments>
<arg>//label[contains(text(),'Patent Title')]</arg>
<arg>Patent Title</arg>
</arguments>
<msg timestamp="20201231 11:02:48.468" level="INFO">Verifying element '//label[contains(text(),'Patent Title')]' contains exact text 'Patent Title'.</msg>
<status status="PASS" starttime="20201231 11:02:48.468" endtime="20201231 11:02:50.500"></status>
</kw>
<kw name="Element Text Should Be" library="SeleniumLibrary">
<doc>Verifies that element ``locator`` contains exact the text ``expected``.</doc>
<arguments>
<arg>//label[contains(text(),'Publication Title')]</arg>
<arg>Publication Title</arg>
</arguments>
<msg timestamp="20201231 11:02:50.501" level="INFO">Verifying element '//label[contains(text(),'Publication Title')]' contains exact text 'Publication Title'.</msg>
<status status="PASS" starttime="20201231 11:02:50.501" endtime="20201231 11:02:52.526"></status>
</kw>
<status status="PASS" starttime="20201231 11:02:32.307" endtime="20201231 11:02:52.526"></status>
</kw>
<kw name="Certification Details" library="ProjectDetails">
<kw name="Clear Element Text" library="SeleniumLibrary">
<doc>Clears the value of the text-input-element identified by ``locator``.</doc>
<arguments>
<arg>//input[@id='certificationName-0']</arg>
</arguments>
<status status="PASS" starttime="20201231 11:02:52.528" endtime="20201231 11:02:54.591"></status>
</kw>
<kw name="Input Text" library="SeleniumLibrary">
<doc>Types the given ``text`` into the text field identified by ``locator``.</doc>
<arguments>
<arg>//input[@id='certificationName-0']</arg>
<arg>Microsoft Azure Data Engineer</arg>
</arguments>
<msg timestamp="20201231 11:02:54.592" level="INFO">Typing text 'Microsoft Azure Data Engineer' into text field '//input[@id='certificationName-0']'.</msg>
<status status="PASS" starttime="20201231 11:02:54.592" endtime="20201231 11:02:58.105"></status>
</kw>
<kw name="Clear Element Text" library="SeleniumLibrary">
<doc>Clears the value of the text-input-element identified by ``locator``.</doc>
<arguments>
<arg>//input[@id='certificationBody-0']</arg>
</arguments>
<status status="PASS" starttime="20201231 11:02:58.106" endtime="20201231 11:03:00.126"></status>
</kw>
<kw name="Input Text" library="SeleniumLibrary">
<doc>Types the given ``text`` into the text field identified by ``locator``.</doc>
<arguments>
<arg>//input[@id='certificationBody-0']</arg>
<arg>Microsoft</arg>
</arguments>
<msg timestamp="20201231 11:03:00.127" level="INFO">Typing text 'Microsoft' into text field '//input[@id='certificationBody-0']'.</msg>
<status status="PASS" starttime="20201231 11:03:00.127" endtime="20201231 11:03:03.408"></status>
</kw>
<status status="PASS" starttime="20201231 11:02:52.527" endtime="20201231 11:03:03.408"></status>
</kw>
<kw name="Project Details" library="ProjectDetails">
<kw name="Clear Element Text" library="SeleniumLibrary">
<doc>Clears the value of the text-input-element identified by ``locator``.</doc>
<arguments>
<arg>//input[@id='projectTitle-0']</arg>
</arguments>
<status status="PASS" starttime="20201231 11:03:03.410" endtime="20201231 11:03:05.504"></status>
</kw>
<kw name="Input Text" library="SeleniumLibrary">
<doc>Types the given ``text`` into the text field identified by ``locator``.</doc>
<arguments>
<arg>//input[@id='projectTitle-0']</arg>
<arg>Automating Jobseeker Portal</arg>
</arguments>
<msg timestamp="20201231 11:03:05.506" level="INFO">Typing text 'Automating Jobseeker Portal' into text field '//input[@id='projectTitle-0']'.</msg>
<status status="PASS" starttime="20201231 11:03:05.505" endtime="20201231 11:03:08.976"></status>
</kw>
<status status="PASS" starttime="20201231 11:03:03.409" endtime="20201231 11:03:08.977"></status>
</kw>
<kw name="Patent Details" library="ProjectDetails">
<kw name="Clear Element Text" library="SeleniumLibrary">
<doc>Clears the value of the text-input-element identified by ``locator``.</doc>
<arguments>
<arg>//input[@id='patentTitle-0']</arg>
</arguments>
<status status="PASS" starttime="20201231 11:03:08.978" endtime="20201231 11:03:11.043"></status>
</kw>
<kw name="Input Text" library="SeleniumLibrary">
<doc>Types the given ``text`` into the text field identified by ``locator``.</doc>
<arguments>
<arg>//input[@id='patentTitle-0']</arg>
<arg>Testing Patent</arg>
</arguments>
<msg timestamp="20201231 11:03:11.044" level="INFO">Typing text 'Testing Patent' into text field '//input[@id='patentTitle-0']'.</msg>
<status status="PASS" starttime="20201231 11:03:11.043" endtime="20201231 11:03:14.362"></status>
</kw>
<kw name="Click Element" library="SeleniumLibrary">
<doc>Click the element identified by ``locator``.</doc>
<arguments>
<arg>//input[@id='patentIssuedAuthority-0']</arg>
</arguments>
<msg timestamp="20201231 11:03:14.364" level="INFO">Clicking element '//input[@id='patentIssuedAuthority-0']'.</msg>
<status status="PASS" starttime="20201231 11:03:14.363" endtime="20201231 11:03:16.620"></status>
</kw>
<kw name="Input Text" library="SeleniumLibrary">
<doc>Types the given ``text`` into the text field identified by ``locator``.</doc>
<arguments>
<arg>//input[@id='patentIssuedAuthority-0']</arg>
<arg>Issuing Authority Testing</arg>
</arguments>
<msg timestamp="20201231 11:03:16.621" level="INFO">Typing text 'Issuing Authority Testing' into text field '//input[@id='patentIssuedAuthority-0']'.</msg>
<status status="PASS" starttime="20201231 11:03:16.621" endtime="20201231 11:03:20.245"></status>
</kw>
<status status="PASS" starttime="20201231 11:03:08.977" endtime="20201231 11:03:20.245"></status>
</kw>
<kw name="Publication Details" library="ProjectDetails">
<kw name="Clear Element Text" library="SeleniumLibrary">
<doc>Clears the value of the text-input-element identified by ``locator``.</doc>
<arguments>
<arg>//input[@id='publicationTitle-0']</arg>
</arguments>
<status status="PASS" starttime="20201231 11:03:20.247" endtime="20201231 11:03:22.299"></status>
</kw>
<kw name="Input Text" library="SeleniumLibrary">
<doc>Types the given ``text`` into the text field identified by ``locator``.</doc>
<arguments>
<arg>//input[@id='publicationTitle-0']</arg>
<arg>Testing Publication Field</arg>
</arguments>
<msg timestamp="20201231 11:03:22.300" level="INFO">Typing text 'Testing Publication Field' into text field '//input[@id='publicationTitle-0']'.</msg>
<status status="PASS" starttime="20201231 11:03:22.299" endtime="20201231 11:03:25.807"></status>
</kw>
<kw name="Clear Element Text" library="SeleniumLibrary">
<doc>Clears the value of the text-input-element identified by ``locator``.</doc>
<arguments>
<arg>//input[@id='publicationLink-0']</arg>
</arguments>
<status status="PASS" starttime="20201231 11:03:25.808" endtime="20201231 11:03:27.871"></status>
</kw>
<kw name="Input Text" library="SeleniumLibrary">
<doc>Types the given ``text`` into the text field identified by ``locator``.</doc>
<arguments>
<arg>//input[@id='publicationLink-0']</arg>
<arg>Publication Link</arg>
</arguments>
<msg timestamp="20201231 11:03:27.872" level="INFO">Typing text 'Publication Link' into text field '//input[@id='publicationLink-0']'.</msg>
<status status="PASS" starttime="20201231 11:03:27.872" endtime="20201231 11:03:31.189"></status>
</kw>
<status status="PASS" starttime="20201231 11:03:20.246" endtime="20201231 11:03:31.189"></status>
</kw>
<kw name="NextPage" library="ProjectDetails">
<kw name="Click Button" library="SeleniumLibrary">
<doc>Clicks the button identified by ``locator``.</doc>
<arguments>
<arg>//div[@class='steps-action']/button[2]</arg>
</arguments>
<msg timestamp="20201231 11:03:31.191" level="INFO">Clicking button '//div[@class='steps-action']/button[2]'.</msg>
<status status="PASS" starttime="20201231 11:03:31.191" endtime="20201231 11:03:36.515"></status>
</kw>
<status status="PASS" starttime="20201231 11:03:31.190" endtime="20201231 11:03:36.516"></status>
</kw>
<status status="PASS" starttime="20201231 11:02:32.306" endtime="20201231 11:03:36.517"></status>
</kw>
<kw name="Update Skills" library="JobseekerApp">
<kw name="Validate PageObjects" library="UpdateSkills">
<kw name="Sleep" library="BuiltIn">
<doc>Pauses the test executed for the given time.</doc>
<arguments>
<arg>5s</arg>
</arguments>
<msg timestamp="20201231 11:03:41.526" level="INFO">Slept 5 seconds</msg>
<status status="PASS" starttime="20201231 11:03:36.522" endtime="20201231 11:03:41.526"></status>
</kw>
<status status="PASS" starttime="20201231 11:03:36.521" endtime="20201231 11:03:41.527"></status>
</kw>
<kw name="Skills" library="UpdateSkills">
<kw name="Sleep" library="BuiltIn">
<doc>Pauses the test executed for the given time.</doc>
<arguments>
<arg>5s</arg>
</arguments>
<msg timestamp="20201231 11:03:46.530" level="INFO">Slept 5 seconds</msg>
<status status="PASS" starttime="20201231 11:03:41.529" endtime="20201231 11:03:46.530"></status>
</kw>
<kw name="Click Element" library="SeleniumLibrary">
<doc>Click the element identified by ``locator``.</doc>
<arguments>
<arg>//div[2]/div[1]/div[1]/div[1]/span[1]/button[1]</arg>
</arguments>
<msg timestamp="20201231 11:03:46.531" level="INFO">Clicking element '//div[2]/div[1]/div[1]/div[1]/span[1]/button[1]'.</msg>
<status status="PASS" starttime="20201231 11:03:46.531" endtime="20201231 11:03:48.902"></status>
</kw>
<kw name="Click Element" library="SeleniumLibrary">
<doc>Click the element identified by ``locator``.</doc>
<arguments>
<arg>//div[2]/div[1]/div[1]/div[1]/span[1]/button[1]</arg>
</arguments>
<msg timestamp="20201231 11:03:48.904" level="INFO">Clicking element '//div[2]/div[1]/div[1]/div[1]/span[1]/button[1]'.</msg>
<status status="PASS" starttime="20201231 11:03:48.903" endtime="20201231 11:03:51.227"></status>
</kw>
<status status="PASS" starttime="20201231 11:03:41.528" endtime="20201231 11:03:51.228"></status>
</kw>
<kw name="Languages" library="UpdateSkills">
<kw name="Clear Element Text" library="SeleniumLibrary">
<doc>Clears the value of the text-input-element identified by ``locator``.</doc>
<arguments>
<arg>//input[@id='language-0']</arg>
</arguments>
<status status="PASS" starttime="20201231 11:03:51.230" endtime="20201231 11:03:53.388"></status>
</kw>
<kw name="Input Text" library="SeleniumLibrary">
<doc>Types the given ``text`` into the text field identified by ``locator``.</doc>
<arguments>
<arg>//input[@id='language-0']</arg>
<arg>Hindi, English, Punjabi</arg>
</arguments>
<msg timestamp="20201231 11:03:53.390" level="INFO">Typing text 'Hindi, English, Punjabi' into text field '//input[@id='language-0']'.</msg>
<status status="PASS" starttime="20201231 11:03:53.389" endtime="20201231 11:03:58.058"></status>
</kw>
<kw name="Click Element" library="SeleniumLibrary">
<doc>Click the element identified by ``locator``.</doc>
<arguments>
<arg>(//*[@id="app-content"]/div/div/div/div/div/section/article/div[2]/section/form/div[25]/fieldset/div[2]/div[2]/div/span/ul/li/div)[4]</arg>
</arguments>
<msg timestamp="20201231 11:03:58.059" level="INFO">Clicking element '(//*[@id="app-content"]/div/div/div/div/div/section/article/div[2]/section/form/div[25]/fieldset/div[2]/div[2]/div/span/ul/li/div)[4]'.</msg>
<status status="PASS" starttime="20201231 11:03:58.059" endtime="20201231 11:04:00.405"></status>
</kw>
<status status="PASS" starttime="20201231 11:03:51.229" endtime="20201231 11:04:00.406"></status>
</kw>
<kw name="Bio" library="UpdateSkills">
<kw name="Clear Element Text" library="SeleniumLibrary">
<doc>Clears the value of the text-input-element identified by ``locator``.</doc>
<arguments>
<arg>//textarea[@id='briefBio']</arg>
</arguments>
<status status="PASS" starttime="20201231 11:04:00.407" endtime="20201231 11:04:02.539"></status>
</kw>
<kw name="Input Text" library="SeleniumLibrary">
<doc>Types the given ``text`` into the text field identified by ``locator``.</doc>
<arguments>
<arg>//textarea[@id='briefBio']</arg>
<arg>Testing Bio field.</arg>
</arguments>
<msg timestamp="20201231 11:04:02.540" level="INFO">Typing text 'Testing Bio field.' into text field '//textarea[@id='briefBio']'.</msg>
<status status="PASS" starttime="20201231 11:04:02.540" endtime="20201231 11:04:06.882"></status>
</kw>
<status status="PASS" starttime="20201231 11:04:00.406" endtime="20201231 11:04:06.882"></status>
</kw>
<kw name="NextPage" library="UpdateSkills">
<kw name="Click Element" library="SeleniumLibrary">
<doc>Click the element identified by ``locator``.</doc>
<arguments>
<arg>//div[1]/div[1]/section[1]/article[1]/div[3]/button[2]</arg>
</arguments>
<msg timestamp="20201231 11:04:06.884" level="INFO">Clicking element '//div[1]/div[1]/section[1]/article[1]/div[3]/button[2]'.</msg>
<status status="PASS" starttime="20201231 11:04:06.884" endtime="20201231 11:04:09.311"></status>
</kw>
<status status="PASS" starttime="20201231 11:04:06.882" endtime="20201231 11:04:09.312"></status>
</kw>
<status status="PASS" starttime="20201231 11:03:36.520" endtime="20201231 11:04:09.312"></status>
</kw>
<kw name="Update Preferences" library="JobseekerApp">
<kw name="Validate PageObjects" library="UpdatePreferences">
<kw name="Sleep" library="BuiltIn">
<doc>Pauses the test executed for the given time.</doc>
<arguments>
<arg>5s</arg>
</arguments>
<msg timestamp="20201231 11:04:14.319" level="INFO">Slept 5 seconds</msg>
<status status="PASS" starttime="20201231 11:04:09.318" endtime="20201231 11:04:14.319"></status>
</kw>
<status status="PASS" starttime="20201231 11:04:09.316" endtime="20201231 11:04:14.320"></status>
</kw>
<kw name="Company Size" library="UpdatePreferences">
<kw name="Wait Until Page Contains" library="SeleniumLibrary">
<doc>Waits until ``text`` appears on the current page.</doc>
<arguments>
<arg>Company Size</arg>
</arguments>
<status status="PASS" starttime="20201231 11:04:14.321" endtime="20201231 11:04:15.338"></status>
</kw>
<kw name="Click Element" library="SeleniumLibrary">
<doc>Click the element identified by ``locator``.</doc>
<arguments>
<arg>//div[1]/div[1]/div[2]/div[1]/span[1]/div[1]/div[1]/div[1]</arg>
</arguments>
<msg timestamp="20201231 11:04:15.339" level="INFO">Clicking element '//div[1]/div[1]/div[2]/div[1]/span[1]/div[1]/div[1]/div[1]'.</msg>
<status status="PASS" starttime="20201231 11:04:15.339" endtime="20201231 11:04:17.611"></status>
</kw>
<kw name="Sleep" library="BuiltIn">
<doc>Pauses the test executed for the given time.</doc>
<arguments>
<arg>1s</arg>
</arguments>
<msg timestamp="20201231 11:04:18.612" level="INFO">Slept 1 second</msg>
<status status="PASS" starttime="20201231 11:04:17.612" endtime="20201231 11:04:18.613"></status>
</kw>
<kw name="Click Element" library="SeleniumLibrary">
<doc>Click the element identified by ``locator``.</doc>
<arguments>
<arg>//li[contains(text(),'Startups (1-100)')]</arg>
</arguments>
<msg timestamp="20201231 11:04:18.614" level="INFO">Clicking element '//li[contains(text(),'Startups (1-100)')]'.</msg>
<status status="PASS" starttime="20201231 11:04:18.613" endtime="20201231 11:04:20.871"></status>
</kw>
<status status="PASS" starttime="20201231 11:04:14.320" endtime="20201231 11:04:20.872"></status>
</kw>
<kw name="Desired CTC" library="UpdatePreferences">
<kw name="Clear Element Text" library="SeleniumLibrary">
<doc>Clears the value of the text-input-element identified by ``locator``.</doc>
<arguments>
<arg>//div[2]/div[1]/span[1]/div[1]/div[1]/div[2]/input[1]</arg>
</arguments>
<status status="PASS" starttime="20201231 11:04:20.873" endtime="20201231 11:04:22.945"></status>
</kw>
<kw name="Input Text" library="SeleniumLibrary">
<doc>Types the given ``text`` into the text field identified by ``locator``.</doc>
<arguments>
<arg>//div[2]/div[1]/span[1]/div[1]/div[1]/div[2]/input[1]</arg>
<arg>10</arg>
</arguments>
<msg timestamp="20201231 11:04:22.946" level="INFO">Typing text '10' into text field '//div[2]/div[1]/span[1]/div[1]/div[1]/div[2]/input[1]'.</msg>
<status status="PASS" starttime="20201231 11:04:22.946" endtime="20201231 11:04:26.044"></status>
</kw>
<status status="PASS" starttime="20201231 11:04:20.872" endtime="20201231 11:04:26.045"></status>
</kw>
<kw name="Preffered Benefits" library="UpdatePreferences">
<kw name="Click Element" library="SeleniumLibrary">
<doc>Click the element identified by ``locator``.</doc>
<arguments>
<arg>//tbody/div[2]/div[3]/span[1]</arg>
</arguments>
<msg timestamp="20201231 11:04:26.048" level="INFO">Clicking element '//tbody/div[2]/div[3]/span[1]'.</msg>
<status status="PASS" starttime="20201231 11:04:26.047" endtime="20201231 11:04:28.337"></status>
</kw>
<kw name="Click Element" library="SeleniumLibrary">
<doc>Click the element identified by ``locator``.</doc>
<arguments>
<arg>//tbody/div[3]/div[2]/span[1]/span[1]/img[1]</arg>
</arguments>
<msg timestamp="20201231 11:04:28.338" level="INFO">Clicking element '//tbody/div[3]/div[2]/span[1]/span[1]/img[1]'.</msg>
<status status="PASS" starttime="20201231 11:04:28.338" endtime="20201231 11:04:30.609"></status>
</kw>
<status status="PASS" starttime="20201231 11:04:26.045" endtime="20201231 11:04:30.610"></status>
</kw>
<kw name="NextPage" library="UpdatePreferences">
<kw name="Click Element" library="SeleniumLibrary">
<doc>Click the element identified by ``locator``.</doc>
<arguments>
<arg>//div[1]/section[1]/article[1]/div[3]/button[2]</arg>
</arguments>
<msg timestamp="20201231 11:04:30.611" level="INFO">Clicking element '//div[1]/section[1]/article[1]/div[3]/button[2]'.</msg>
<status status="PASS" starttime="20201231 11:04:30.611" endtime="20201231 11:04:32.923"></status>
</kw>
<status status="PASS" starttime="20201231 11:04:30.610" endtime="20201231 11:04:32.924"></status>
</kw>
<status status="PASS" starttime="20201231 11:04:09.314" endtime="20201231 11:04:32.924"></status>
</kw>
<kw name="End Web Test" library="CommonApp" type="teardown">
<kw name="Close Browser" library="SeleniumLibrary">
<doc>Closes the current browser.</doc>
<status status="PASS" starttime="20201231 11:04:32.928" endtime="20201231 11:04:36.738"></status>
</kw>
<status status="PASS" starttime="20201231 11:04:32.926" endtime="20201231 11:04:36.738"></status>
</kw>
<doc>This test will verify if the user is able to login and update the details on the jobseeker portal</doc>
<tags>
<tag>04 Test Case: Validate Profile Update Functionality</tag>
</tags>
<status status="PASS" starttime="20201231 10:57:19.676" endtime="20201231 11:04:36.739" critical="yes"></status>
</test>
<doc>This test suite will contain the test cases related to jobseeker profile updation</doc>
<status status="PASS" starttime="20201231 10:57:18.179" endtime="20201231 11:04:36.744"></status>
</suite>
<statistics>
<total>
<stat pass="1" fail="0">Critical Tests</stat>
<stat pass="1" fail="0">All Tests</stat>
</total>
<tag>
<stat pass="1" fail="0">04 Test Case: Validate Profile Update Functionality</stat>
</tag>
<suite>
<stat pass="1" fail="0" id="s1" name="Jobseeker Automation">Jobseeker Automation</stat>
</suite>
</statistics>
<errors>
</errors>
</robot>
